[ 2016-06-16T00:03:53+08:00 ] ::1 /curriculum/Admin/index
ERR: 1064:You have an error in your SQL syntax; check the manual that corresponds to your MySQL server version for the right syntax to use near ')' at line 1
 [ SQL语句 ] : SELECT * FROM `setclass` WHERE (  ) 

[ 2016-06-16T00:16:53+08:00 ] ::1 /curriculum/Admin/index
ERR: 1064:You have an error in your SQL syntax; check the manual that corresponds to your MySQL server version for the right syntax to use near 'between start_time and end_time  )' at line 1
 [ SQL语句 ] : SELECT * FROM `setclass` WHERE (  between start_time and end_time  ) 

[ 2016-06-16T00:17:27+08:00 ] ::1 /curriculum/Admin/index
ERR: 1064:You have an error in your SQL syntax; check the manual that corresponds to your MySQL server version for the right syntax to use near 'between start_time and end_time  )' at line 1
 [ SQL语句 ] : SELECT * FROM `setclass` WHERE (  between start_time and end_time  ) 

[ 2016-06-16T00:17:50+08:00 ] ::1 /curriculum/Admin/index
ERR: 1064:You have an error in your SQL syntax; check the manual that corresponds to your MySQL server version for the right syntax to use near 'between start_time and end_time  )' at line 1
 [ SQL语句 ] : SELECT * FROM `setclass` WHERE (  between start_time and end_time  ) 

[ 2016-06-16T00:18:00+08:00 ] ::1 /curriculum/Admin/index
ERR: 1064:You have an error in your SQL syntax; check the manual that corresponds to your MySQL server version for the right syntax to use near 'between start_time and end_time  )' at line 1
 [ SQL语句 ] : SELECT * FROM `setclass` WHERE (  between start_time and end_time  ) 

[ 2016-06-16T00:18:03+08:00 ] ::1 /curriculum/Admin/index
ERR: 1064:You have an error in your SQL syntax; check the manual that corresponds to your MySQL server version for the right syntax to use near 'between start_time and end_time  )' at line 1
 [ SQL语句 ] : SELECT * FROM `setclass` WHERE (  between start_time and end_time  ) 

[ 2016-06-16T00:19:08+08:00 ] ::1 /curriculum/Admin/index
ERR: 1064:You have an error in your SQL syntax; check the manual that corresponds to your MySQL server version for the right syntax to use near 'between `start_time` and `end_time`  )' at line 1
 [ SQL语句 ] : SELECT * FROM `setclass` WHERE (  between `start_time` and `end_time`  ) 

[ 2016-06-16T00:20:35+08:00 ] ::1 /curriculum/Admin/index
ERR: 1064:You have an error in your SQL syntax; check the manual that corresponds to your MySQL server version for the right syntax to use near 'between `start_time` and `end_time`  )' at line 1
 [ SQL语句 ] : SELECT * FROM `setclass` WHERE (  between `start_time` and `end_time`  ) 

[ 2016-06-16T00:20:53+08:00 ] ::1 /curriculum/Admin/index
ERR: 1064:You have an error in your SQL syntax; check the manual that corresponds to your MySQL server version for the right syntax to use near 'between `start_time` and `end_time`  )' at line 1
 [ SQL语句 ] : SELECT * FROM `setclass` WHERE (  between `start_time` and `end_time`  ) 

[ 2016-06-16T00:30:31+08:00 ] ::1 /curriculum/Admin/Index/getclass.shtml
INFO: [ app_begin ] --START--
INFO: Run Behavior\ReadHtmlCacheBehavior [ RunTime:0.000483s ]
INFO: [ app_begin ] --END-- [ RunTime:0.000815s ]
SQL: SHOW COLUMNS FROM `setclass` [ RunTime:0.0173s ]
SQL: SELECT * FROM `setclass` WHERE ( '2016-06-16' between `start_time` and `end_time`  )  [ RunTime:0.0005s ]

[ 2016-06-16T00:30:35+08:00 ] ::1 /curriculum/Admin/Index/getclass.shtml
INFO: [ app_begin ] --START--
INFO: Run Behavior\ReadHtmlCacheBehavior [ RunTime:0.000473s ]
INFO: [ app_begin ] --END-- [ RunTime:0.000776s ]
SQL: SHOW COLUMNS FROM `setclass` [ RunTime:0.0168s ]
SQL: SELECT * FROM `setclass` WHERE ( '2016-06-16' between `start_time` and `end_time`  )  [ RunTime:0.0005s ]

[ 2016-06-16T00:31:00+08:00 ] ::1 /curriculum/Admin/Index/getclass.shtml
INFO: [ app_begin ] --START--
INFO: Run Behavior\ReadHtmlCacheBehavior [ RunTime:0.000375s ]
INFO: [ app_begin ] --END-- [ RunTime:0.000672s ]
SQL: SHOW COLUMNS FROM `setclass` [ RunTime:0.0167s ]
SQL: SELECT * FROM `setclass` WHERE ( '2016-06-16' between `start_time` and `end_time`  )  [ RunTime:0.0004s ]

[ 2016-06-16T00:31:56+08:00 ] ::1 /curriculum/Admin/Index/getclass.shtml
INFO: [ app_begin ] --START--
INFO: Run Behavior\ReadHtmlCacheBehavior [ RunTime:0.000480s ]
INFO: [ app_begin ] --END-- [ RunTime:0.000795s ]
SQL: SHOW COLUMNS FROM `setclass` [ RunTime:0.0169s ]
SQL: SELECT * FROM `setclass` WHERE ( '2016-06-16' between `start_time` and `end_time`  )  [ RunTime:0.0005s ]

[ 2016-06-16T00:32:07+08:00 ] ::1 /curriculum/Admin/Index/getclass.shtml
INFO: [ app_begin ] --START--
INFO: Run Behavior\ReadHtmlCacheBehavior [ RunTime:0.000382s ]
INFO: [ app_begin ] --END-- [ RunTime:0.000654s ]
SQL: SHOW COLUMNS FROM `setclass` [ RunTime:0.0169s ]
SQL: SELECT * FROM `setclass` WHERE ( '2016-06-16' between `start_time` and `end_time`  )  [ RunTime:0.0004s ]

[ 2016-06-16T00:33:11+08:00 ] ::1 /curriculum/Admin/Index/getclass.shtml
INFO: [ app_begin ] --START--
INFO: Run Behavior\ReadHtmlCacheBehavior [ RunTime:0.000464s ]
INFO: [ app_begin ] --END-- [ RunTime:0.000786s ]
SQL: SHOW COLUMNS FROM `setclass` [ RunTime:0.0166s ]
SQL: SELECT * FROM `setclass` WHERE ( '2016-06-16' between `start_time` and `end_time`  )  [ RunTime:0.0005s ]

[ 2016-06-16T00:33:17+08:00 ] ::1 /curriculum/Admin/Index/getclass.shtml
INFO: [ app_begin ] --START--
INFO: Run Behavior\ReadHtmlCacheBehavior [ RunTime:0.000459s ]
INFO: [ app_begin ] --END-- [ RunTime:0.000744s ]
SQL: SHOW COLUMNS FROM `setclass` [ RunTime:0.0170s ]
SQL: SELECT * FROM `setclass` WHERE ( '2016-06-16' between `start_time` and `end_time`  )  [ RunTime:0.0005s ]

[ 2016-06-16T00:33:20+08:00 ] ::1 /curriculum/Admin/Index/getclass.shtml
INFO: [ app_begin ] --START--
INFO: Run Behavior\ReadHtmlCacheBehavior [ RunTime:0.000389s ]
INFO: [ app_begin ] --END-- [ RunTime:0.000655s ]
SQL: SHOW COLUMNS FROM `setclass` [ RunTime:0.0168s ]
SQL: SELECT * FROM `setclass` WHERE ( '2016-06-16' between `start_time` and `end_time`  )  [ RunTime:0.0005s ]

[ 2016-06-16T00:42:31+08:00 ] ::1 /curriculum/Admin/Index/getclass.shtml
INFO: [ app_begin ] --START--
INFO: Run Behavior\ReadHtmlCacheBehavior [ RunTime:0.000407s ]
INFO: [ app_begin ] --END-- [ RunTime:0.000691s ]
SQL: SHOW COLUMNS FROM `setclass` [ RunTime:0.0163s ]
SQL: SELECT * FROM `setclass` WHERE ( '2016-06-16' between `start_time` and `end_time`  )  [ RunTime:0.0005s ]

[ 2016-06-16T00:43:12+08:00 ] ::1 /curriculum/Admin/Index/getclass.shtml
INFO: [ app_begin ] --START--
INFO: Run Behavior\ReadHtmlCacheBehavior [ RunTime:0.000471s ]
INFO: [ app_begin ] --END-- [ RunTime:0.000775s ]
SQL: SHOW COLUMNS FROM `setclass` [ RunTime:0.0179s ]
SQL: SELECT * FROM `setclass` WHERE ( '2016-06-16' between `start_time` and `end_time`  )  [ RunTime:0.0004s ]

[ 2016-06-16T00:43:32+08:00 ] ::1 /curriculum/Admin/Index/getclass.shtml
INFO: [ app_begin ] --START--
INFO: Run Behavior\ReadHtmlCacheBehavior [ RunTime:0.000533s ]
INFO: [ app_begin ] --END-- [ RunTime:0.000924s ]
SQL: SHOW COLUMNS FROM `setclass` [ RunTime:0.0159s ]
SQL: SELECT * FROM `setclass` WHERE ( '2016-06-16' between `start_time` and `end_time`  )  [ RunTime:0.0005s ]

[ 2016-06-16T00:43:44+08:00 ] ::1 /curriculum/Admin/Index/getclass.shtml
INFO: [ app_begin ] --START--
INFO: Run Behavior\ReadHtmlCacheBehavior [ RunTime:0.000453s ]
INFO: [ app_begin ] --END-- [ RunTime:0.000745s ]
SQL: SHOW COLUMNS FROM `setclass` [ RunTime:0.0151s ]
SQL: SELECT * FROM `setclass` WHERE ( '2016-06-16' between `start_time` and `end_time`  )  [ RunTime:0.0003s ]

[ 2016-06-16T00:44:16+08:00 ] ::1 /curriculum/Admin/Index/getclass.shtml
INFO: [ app_begin ] --START--
INFO: Run Behavior\ReadHtmlCacheBehavior [ RunTime:0.000372s ]
INFO: [ app_begin ] --END-- [ RunTime:0.000627s ]
SQL: SHOW COLUMNS FROM `setclass` [ RunTime:0.0155s ]
SQL: SELECT * FROM `setclass` WHERE ( '2016-06-16' between `start_time` and `end_time`  )  [ RunTime:0.0005s ]

[ 2016-06-16T00:44:51+08:00 ] ::1 /curriculum/Admin/Index/getclass.shtml
INFO: [ app_begin ] --START--
INFO: Run Behavior\ReadHtmlCacheBehavior [ RunTime:0.000369s ]
INFO: [ app_begin ] --END-- [ RunTime:0.000697s ]
SQL: SHOW COLUMNS FROM `setclass` [ RunTime:0.0159s ]
SQL: SELECT * FROM `setclass` WHERE ( '2016-06-16' between `start_time` and `end_time`  )  [ RunTime:0.0005s ]

[ 2016-06-16T00:48:58+08:00 ] ::1 /curriculum/Admin/Index/getclass.shtml
INFO: [ app_begin ] --START--
INFO: Run Behavior\ReadHtmlCacheBehavior [ RunTime:0.000466s ]
INFO: [ app_begin ] --END-- [ RunTime:0.000755s ]
SQL: SHOW COLUMNS FROM `setclass` [ RunTime:0.0097s ]
SQL: SELECT * FROM `setclass` WHERE ( '2016-06-16' between `start_time` and `end_time`  )  [ RunTime:0.0003s ]

[ 2016-06-16T00:49:10+08:00 ] ::1 /curriculum/Admin/Index/getclass.shtml
INFO: [ app_begin ] --START--
INFO: Run Behavior\ReadHtmlCacheBehavior [ RunTime:0.000455s ]
INFO: [ app_begin ] --END-- [ RunTime:0.000742s ]
SQL: SHOW COLUMNS FROM `setclass` [ RunTime:0.0160s ]
SQL: SELECT * FROM `setclass` WHERE ( '2016-06-16' between `start_time` and `end_time`  )  [ RunTime:0.0005s ]
INFO: [ app_end ] --START--
INFO: Run Behavior\ShowPageTraceBehavior [ RunTime:0.001113s ]
INFO: [ app_end ] --END-- [ RunTime:0.001218s ]

[ 2016-06-16T00:49:29+08:00 ] ::1 /curriculum/Admin/Index/getclass.shtml
INFO: [ app_begin ] --START--
INFO: Run Behavior\ReadHtmlCacheBehavior [ RunTime:0.000381s ]
INFO: [ app_begin ] --END-- [ RunTime:0.000694s ]
SQL: SHOW COLUMNS FROM `setclass` [ RunTime:0.0173s ]
SQL: SELECT * FROM `setclass` WHERE ( '2016-06-16' between `start_time` and `end_time`  )  [ RunTime:0.0005s ]

[ 2016-06-16T00:51:52+08:00 ] ::1 /curriculum/Admin/Index/getclass.shtml
INFO: [ app_begin ] --START--
INFO: Run Behavior\ReadHtmlCacheBehavior [ RunTime:0.000477s ]
INFO: [ app_begin ] --END-- [ RunTime:0.000772s ]
SQL: SHOW COLUMNS FROM `setclass` [ RunTime:0.0163s ]
SQL: SELECT * FROM `setclass` WHERE ( '2016-06-16' between `start_time` and `end_time`  )  [ RunTime:0.0004s ]

[ 2016-06-16T00:55:18+08:00 ] ::1 /curriculum/Admin/Index/getclass.shtml
INFO: [ app_begin ] --START--
INFO: Run Behavior\ReadHtmlCacheBehavior [ RunTime:0.000465s ]
INFO: [ app_begin ] --END-- [ RunTime:0.000765s ]
SQL: SHOW COLUMNS FROM `setclass` [ RunTime:0.0160s ]
SQL: SELECT * FROM `setclass` WHERE ( '2016-06-16' between `start_time` and `end_time`  )  [ RunTime:0.0004s ]

[ 2016-06-16T00:56:04+08:00 ] ::1 /curriculum/Admin/Index/getclass.shtml
INFO: [ app_begin ] --START--
INFO: Run Behavior\ReadHtmlCacheBehavior [ RunTime:0.000480s ]
INFO: [ app_begin ] --END-- [ RunTime:0.000778s ]
SQL: SHOW COLUMNS FROM `setclass` [ RunTime:0.0157s ]
SQL: SELECT * FROM `setclass` WHERE ( '2016-06-16' between `start_time` and `end_time`  )  [ RunTime:0.0005s ]

[ 2016-06-16T00:57:52+08:00 ] ::1 /curriculum/Admin/Index/getclass.shtml
INFO: [ app_begin ] --START--
INFO: Run Behavior\ReadHtmlCacheBehavior [ RunTime:0.000453s ]
INFO: [ app_begin ] --END-- [ RunTime:0.000730s ]
SQL: SHOW COLUMNS FROM `setclass` [ RunTime:0.0171s ]
SQL: SELECT * FROM `setclass` WHERE ( '2016-06-16' between `start_time` and `end_time`  )  [ RunTime:0.0004s ]

[ 2016-06-16T00:58:07+08:00 ] ::1 /curriculum/Admin/Index/getclass.shtml
INFO: [ app_begin ] --START--
INFO: Run Behavior\ReadHtmlCacheBehavior [ RunTime:0.000387s ]
INFO: [ app_begin ] --END-- [ RunTime:0.000673s ]
SQL: SHOW COLUMNS FROM `setclass` [ RunTime:0.0164s ]
SQL: SELECT * FROM `setclass` WHERE ( '2016-06-16' between `start_time` and `end_time`  )  [ RunTime:0.0005s ]

[ 2016-06-16T00:59:24+08:00 ] ::1 /curriculum/Admin/Index/getclass.shtml
INFO: [ app_begin ] --START--
INFO: Run Behavior\ReadHtmlCacheBehavior [ RunTime:0.000488s ]
INFO: [ app_begin ] --END-- [ RunTime:0.000816s ]
SQL: SHOW COLUMNS FROM `setclass` [ RunTime:0.0169s ]
SQL: SELECT * FROM `setclass` WHERE ( '2016-06-16' between `start_time` and `end_time`  )  [ RunTime:0.0005s ]

[ 2016-06-16T00:59:42+08:00 ] ::1 /curriculum/Admin/Index/getclass.shtml
INFO: [ app_begin ] --START--
INFO: Run Behavior\ReadHtmlCacheBehavior [ RunTime:0.000486s ]
INFO: [ app_begin ] --END-- [ RunTime:0.000827s ]
SQL: SHOW COLUMNS FROM `setclass` [ RunTime:0.0158s ]
SQL: SELECT * FROM `setclass` WHERE ( '2016-06-16' between `start_time` and `end_time`  )  [ RunTime:0.0005s ]

[ 2016-06-16T00:59:53+08:00 ] ::1 /curriculum/Admin/Index/getclass.shtml
INFO: [ app_begin ] --START--
INFO: Run Behavior\ReadHtmlCacheBehavior [ RunTime:0.000468s ]
INFO: [ app_begin ] --END-- [ RunTime:0.000757s ]
SQL: SHOW COLUMNS FROM `setclass` [ RunTime:0.0156s ]
SQL: SELECT * FROM `setclass` WHERE ( '2016-06-16' between `start_time` and `end_time`  )  [ RunTime:0.0004s ]

[ 2016-06-16T00:59:57+08:00 ] ::1 /curriculum/Admin/Index/getclass.shtml
INFO: [ app_begin ] --START--
INFO: Run Behavior\ReadHtmlCacheBehavior [ RunTime:0.000391s ]
INFO: [ app_begin ] --END-- [ RunTime:0.000659s ]
SQL: SHOW COLUMNS FROM `setclass` [ RunTime:0.0160s ]
SQL: SELECT * FROM `setclass` WHERE ( '2016-06-16' between `start_time` and `end_time`  )  [ RunTime:0.0005s ]

