[ 2016-06-17T00:00:29+08:00 ] ::1 /curriculum/Admin/Index/getclass.shtml
INFO: [ app_begin ] --START--
INFO: Run Behavior\ReadHtmlCacheBehavior [ RunTime:0.000451s ]
INFO: [ app_begin ] --END-- [ RunTime:0.000754s ]
SQL: SHOW COLUMNS FROM `setclass` [ RunTime:0.0163s ]
SQL: SELECT * FROM `setclass` WHERE ( '2016-06-17' between `start_time` and `end_time`  )  [ RunTime:0.0005s ]

[ 2016-06-17T00:00:55+08:00 ] ::1 /curriculum/Admin/Index/getclass.shtml
INFO: [ app_begin ] --START--
INFO: Run Behavior\ReadHtmlCacheBehavior [ RunTime:0.000461s ]
INFO: [ app_begin ] --END-- [ RunTime:0.000756s ]
SQL: SHOW COLUMNS FROM `setclass` [ RunTime:0.0166s ]
SQL: SELECT * FROM `setclass` WHERE ( '2016-06-17' between `start_time` and `end_time`  )  [ RunTime:0.0005s ]

[ 2016-06-17T00:01:31+08:00 ] ::1 /curriculum/Admin/Index/getclass.shtml
INFO: [ app_begin ] --START--
INFO: Run Behavior\ReadHtmlCacheBehavior [ RunTime:0.000381s ]
INFO: [ app_begin ] --END-- [ RunTime:0.000654s ]
SQL: SHOW COLUMNS FROM `setclass` [ RunTime:0.0172s ]
SQL: SELECT * FROM `setclass` WHERE ( '2016-06-17' between `start_time` and `end_time`  )  [ RunTime:0.0004s ]

[ 2016-06-17T00:01:45+08:00 ] ::1 /curriculum/Admin/Index/getclass.shtml
INFO: [ app_begin ] --START--
INFO: Run Behavior\ReadHtmlCacheBehavior [ RunTime:0.000385s ]
INFO: [ app_begin ] --END-- [ RunTime:0.000654s ]
SQL: SHOW COLUMNS FROM `setclass` [ RunTime:0.0177s ]
SQL: SELECT * FROM `setclass` WHERE ( '2016-06-17' between `start_time` and `end_time`  )  [ RunTime:0.0005s ]

[ 2016-06-17T00:01:54+08:00 ] ::1 /curriculum/Admin/Index/getclass.shtml
INFO: [ app_begin ] --START--
INFO: Run Behavior\ReadHtmlCacheBehavior [ RunTime:0.000422s ]
INFO: [ app_begin ] --END-- [ RunTime:0.000753s ]
SQL: SHOW COLUMNS FROM `setclass` [ RunTime:0.0167s ]
SQL: SELECT * FROM `setclass` WHERE ( '2016-06-17' between `start_time` and `end_time`  )  [ RunTime:0.0006s ]

[ 2016-06-17T00:02:04+08:00 ] ::1 /curriculum/Admin/Index/getclass.shtml
INFO: [ app_begin ] --START--
INFO: Run Behavior\ReadHtmlCacheBehavior [ RunTime:0.000379s ]
INFO: [ app_begin ] --END-- [ RunTime:0.000650s ]
SQL: SHOW COLUMNS FROM `setclass` [ RunTime:0.0169s ]
SQL: SELECT * FROM `setclass` WHERE ( '2016-06-17' between `start_time` and `end_time`  )  [ RunTime:0.0005s ]

[ 2016-06-17T00:02:47+08:00 ] ::1 /curriculum/Admin/Index/getclass.shtml
INFO: [ app_begin ] --START--
INFO: Run Behavior\ReadHtmlCacheBehavior [ RunTime:0.000478s ]
INFO: [ app_begin ] --END-- [ RunTime:0.000802s ]
SQL: SHOW COLUMNS FROM `setclass` [ RunTime:0.0096s ]
SQL: SELECT * FROM `setclass` WHERE ( '2016-06-17' between `start_time` and `end_time`  )  [ RunTime:0.0003s ]

[ 2016-06-17T00:03:02+08:00 ] ::1 /curriculum/Admin/Index/getclass.shtml
INFO: [ app_begin ] --START--
INFO: Run Behavior\ReadHtmlCacheBehavior [ RunTime:0.000587s ]
INFO: [ app_begin ] --END-- [ RunTime:0.000949s ]
SQL: SHOW COLUMNS FROM `setclass` [ RunTime:0.0171s ]
SQL: SELECT * FROM `setclass` WHERE ( '2016-06-17' between `start_time` and `end_time`  )  [ RunTime:0.0005s ]

[ 2016-06-17T00:03:09+08:00 ] ::1 /curriculum/Admin/Index/getclass.shtml
INFO: [ app_begin ] --START--
INFO: Run Behavior\ReadHtmlCacheBehavior [ RunTime:0.000483s ]
INFO: [ app_begin ] --END-- [ RunTime:0.000792s ]
SQL: SHOW COLUMNS FROM `setclass` [ RunTime:0.0170s ]
SQL: SELECT * FROM `setclass` WHERE ( '2016-06-17' between `start_time` and `end_time`  )  [ RunTime:0.0005s ]

[ 2016-06-17T00:04:27+08:00 ] ::1 /curriculum/Admin/Index/getclass.shtml
INFO: [ app_begin ] --START--
INFO: Run Behavior\ReadHtmlCacheBehavior [ RunTime:0.000502s ]
INFO: [ app_begin ] --END-- [ RunTime:0.000792s ]
SQL: SHOW COLUMNS FROM `setclass` [ RunTime:0.0167s ]
SQL: SELECT * FROM `setclass` WHERE ( '2016-06-17' between `start_time` and `end_time`  )  [ RunTime:0.0005s ]

[ 2016-06-17T00:04:31+08:00 ] ::1 /curriculum/Admin/Index/getclass.shtml
INFO: [ app_begin ] --START--
INFO: Run Behavior\ReadHtmlCacheBehavior [ RunTime:0.000454s ]
INFO: [ app_begin ] --END-- [ RunTime:0.000759s ]
SQL: SHOW COLUMNS FROM `setclass` [ RunTime:0.0175s ]
SQL: SELECT * FROM `setclass` WHERE ( '2016-06-17' between `start_time` and `end_time`  )  [ RunTime:0.0005s ]

[ 2016-06-17T00:04:35+08:00 ] ::1 /curriculum/Admin/Index/getclass.shtml
INFO: [ app_begin ] --START--
INFO: Run Behavior\ReadHtmlCacheBehavior [ RunTime:0.000384s ]
INFO: [ app_begin ] --END-- [ RunTime:0.000652s ]
SQL: SHOW COLUMNS FROM `setclass` [ RunTime:0.0171s ]
SQL: SELECT * FROM `setclass` WHERE ( '2016-06-17' between `start_time` and `end_time`  )  [ RunTime:0.0005s ]

[ 2016-06-17T00:06:45+08:00 ] ::1 /curriculum/Admin/Index/getclass.shtml
INFO: [ app_begin ] --START--
INFO: Run Behavior\ReadHtmlCacheBehavior [ RunTime:0.000390s ]
INFO: [ app_begin ] --END-- [ RunTime:0.000682s ]
SQL: SHOW COLUMNS FROM `setclass` [ RunTime:0.0166s ]
SQL: SELECT * FROM `setclass` WHERE ( '2016-06-17' between `start_time` and `end_time`  )  [ RunTime:0.0004s ]

[ 2016-06-17T00:06:58+08:00 ] ::1 /curriculum/Admin/Index/getclass.shtml
INFO: [ app_begin ] --START--
INFO: Run Behavior\ReadHtmlCacheBehavior [ RunTime:0.000453s ]
INFO: [ app_begin ] --END-- [ RunTime:0.000763s ]
SQL: SHOW COLUMNS FROM `setclass` [ RunTime:0.0169s ]
SQL: SELECT * FROM `setclass` WHERE ( '2016-06-17' between `start_time` and `end_time`  )  [ RunTime:0.0005s ]

[ 2016-06-17T00:07:08+08:00 ] ::1 /curriculum/Admin/Index/getclass.shtml
INFO: [ app_begin ] --START--
INFO: Run Behavior\ReadHtmlCacheBehavior [ RunTime:0.000374s ]
INFO: [ app_begin ] --END-- [ RunTime:0.000667s ]
SQL: SHOW COLUMNS FROM `setclass` [ RunTime:0.0168s ]
SQL: SELECT * FROM `setclass` WHERE ( '2016-06-17' between `start_time` and `end_time`  )  [ RunTime:0.0005s ]

[ 2016-06-17T00:07:24+08:00 ] ::1 /curriculum/Admin/Index/getclass.shtml
INFO: [ app_begin ] --START--
INFO: Run Behavior\ReadHtmlCacheBehavior [ RunTime:0.000456s ]
INFO: [ app_begin ] --END-- [ RunTime:0.000762s ]
SQL: SHOW COLUMNS FROM `setclass` [ RunTime:0.0167s ]
SQL: SELECT * FROM `setclass` WHERE ( '2016-06-17' between `start_time` and `end_time`  )  [ RunTime:0.0005s ]

[ 2016-06-17T00:08:32+08:00 ] ::1 /curriculum/Admin/Index/getclass.shtml
INFO: [ app_begin ] --START--
INFO: Run Behavior\ReadHtmlCacheBehavior [ RunTime:0.000379s ]
INFO: [ app_begin ] --END-- [ RunTime:0.000636s ]
SQL: SHOW COLUMNS FROM `setclass` [ RunTime:0.0166s ]
SQL: SELECT * FROM `setclass` WHERE ( '2016-06-17' between `start_time` and `end_time`  )  [ RunTime:0.0005s ]

[ 2016-06-17T00:08:59+08:00 ] ::1 /curriculum/Admin/Index/getclass.shtml
INFO: [ app_begin ] --START--
INFO: Run Behavior\ReadHtmlCacheBehavior [ RunTime:0.000490s ]
INFO: [ app_begin ] --END-- [ RunTime:0.000844s ]
SQL: SHOW COLUMNS FROM `setclass` [ RunTime:0.0167s ]
SQL: SELECT * FROM `setclass` WHERE ( '2016-06-17' between `start_time` and `end_time`  )  [ RunTime:0.0004s ]

[ 2016-06-17T00:11:10+08:00 ] ::1 /curriculum/Admin/Index/getclass.shtml
INFO: [ app_begin ] --START--
INFO: Run Behavior\ReadHtmlCacheBehavior [ RunTime:0.000502s ]
INFO: [ app_begin ] --END-- [ RunTime:0.000859s ]
SQL: SHOW COLUMNS FROM `setclass` [ RunTime:0.0172s ]
SQL: SELECT * FROM `setclass` WHERE ( '2016-06-17' between `start_time` and `end_time`  )  [ RunTime:0.0005s ]

[ 2016-06-17T00:11:13+08:00 ] ::1 /curriculum/Admin/Index/getclass.shtml
INFO: [ app_begin ] --START--
INFO: Run Behavior\ReadHtmlCacheBehavior [ RunTime:0.000384s ]
INFO: [ app_begin ] --END-- [ RunTime:0.000686s ]
SQL: SHOW COLUMNS FROM `setclass` [ RunTime:0.0173s ]
SQL: SELECT * FROM `setclass` WHERE ( '2016-06-17' between `start_time` and `end_time`  )  [ RunTime:0.0005s ]

[ 2016-06-17T00:11:17+08:00 ] ::1 /curriculum/Admin/Index/getclass.shtml
INFO: [ app_begin ] --START--
INFO: Run Behavior\ReadHtmlCacheBehavior [ RunTime:0.000474s ]
INFO: [ app_begin ] --END-- [ RunTime:0.000772s ]
SQL: SHOW COLUMNS FROM `setclass` [ RunTime:0.0171s ]
SQL: SELECT * FROM `setclass` WHERE ( '2016-06-17' between `start_time` and `end_time`  )  [ RunTime:0.0005s ]

[ 2016-06-17T00:11:52+08:00 ] ::1 /curriculum/Admin/Index/getclass.shtml
INFO: [ app_begin ] --START--
INFO: Run Behavior\ReadHtmlCacheBehavior [ RunTime:0.000392s ]
INFO: [ app_begin ] --END-- [ RunTime:0.000650s ]
SQL: SHOW COLUMNS FROM `setclass` [ RunTime:0.0170s ]
ERR: 1064:You have an error in your SQL syntax; check the manual that corresponds to your MySQL server version for the right syntax to use near '' between `start_time` and `end_time`  )' at line 1
 [ SQL语句 ] : SELECT * FROM `setclass` WHERE ( 12016-06-17' between `start_time` and `end_time`  ) 
ERR: 1064:You have an error in your SQL syntax; check the manual that corresponds to your MySQL server version for the right syntax to use near '' between `start_time` and `end_time`  )' at line 1
 [ SQL语句 ] : SELECT * FROM `setclass` WHERE ( 12016-06-17' between `start_time` and `end_time`  ) 

[ 2016-06-17T00:12:02+08:00 ] ::1 /curriculum/Admin/Index/getclass.shtml
INFO: [ app_begin ] --START--
INFO: Run Behavior\ReadHtmlCacheBehavior [ RunTime:0.000380s ]
INFO: [ app_begin ] --END-- [ RunTime:0.000646s ]
SQL: SHOW COLUMNS FROM `setclass` [ RunTime:0.0166s ]
ERR: 1064:You have an error in your SQL syntax; check the manual that corresponds to your MySQL server version for the right syntax to use near '' between `start_time` and `end_time`  )' at line 1
 [ SQL语句 ] : SELECT * FROM `setclass` WHERE ( 12016-06-17' between `start_time` and `end_time`  ) 
ERR: 1064:You have an error in your SQL syntax; check the manual that corresponds to your MySQL server version for the right syntax to use near '' between `start_time` and `end_time`  )' at line 1
 [ SQL语句 ] : SELECT * FROM `setclass` WHERE ( 12016-06-17' between `start_time` and `end_time`  ) 

[ 2016-06-17T00:12:32+08:00 ] ::1 /curriculum/Admin/Index/getclass.shtml
INFO: [ app_begin ] --START--
INFO: Run Behavior\ReadHtmlCacheBehavior [ RunTime:0.000508s ]
INFO: [ app_begin ] --END-- [ RunTime:0.000818s ]
SQL: SHOW COLUMNS FROM `setclass` [ RunTime:0.0168s ]
SQL: SELECT * FROM `setclass` WHERE ( '2016-06-17' between `start_time` AND `end_time` AND `status`=1  )  [ RunTime:0.0005s ]

[ 2016-06-17T00:12:35+08:00 ] ::1 /curriculum/Admin/Index/getclass.shtml
INFO: [ app_begin ] --START--
INFO: Run Behavior\ReadHtmlCacheBehavior [ RunTime:0.000405s ]
INFO: [ app_begin ] --END-- [ RunTime:0.000709s ]
SQL: SHOW COLUMNS FROM `setclass` [ RunTime:0.0168s ]
SQL: SELECT * FROM `setclass` WHERE ( '2016-6-22' between `start_time` AND `end_time` AND `status`=1  )  [ RunTime:0.0005s ]

[ 2016-06-17T00:12:40+08:00 ] ::1 /curriculum/Admin/Index/getclass.shtml
INFO: [ app_begin ] --START--
INFO: Run Behavior\ReadHtmlCacheBehavior [ RunTime:0.000415s ]
INFO: [ app_begin ] --END-- [ RunTime:0.000733s ]
SQL: SHOW COLUMNS FROM `setclass` [ RunTime:0.0182s ]
SQL: SELECT * FROM `setclass` WHERE ( '2016-6-15' between `start_time` AND `end_time` AND `status`=1  )  [ RunTime:0.0005s ]

[ 2016-06-17T00:13:31+08:00 ] ::1 /curriculum/Admin/Index/getclass.shtml
INFO: [ app_begin ] --START--
INFO: Run Behavior\ReadHtmlCacheBehavior [ RunTime:0.000471s ]
INFO: [ app_begin ] --END-- [ RunTime:0.000758s ]
SQL: SHOW COLUMNS FROM `setclass` [ RunTime:0.0172s ]
SQL: SELECT * FROM `setclass` WHERE ( '2016-06-17' between `start_time` AND `end_time` AND `status`=1  )  [ RunTime:0.0005s ]

[ 2016-06-17T00:13:33+08:00 ] ::1 /curriculum/Admin/Index/getclass.shtml
INFO: [ app_begin ] --START--
INFO: Run Behavior\ReadHtmlCacheBehavior [ RunTime:0.000412s ]
INFO: [ app_begin ] --END-- [ RunTime:0.000714s ]
SQL: SHOW COLUMNS FROM `setclass` [ RunTime:0.0196s ]
SQL: SELECT * FROM `setclass` WHERE ( '2016-6-22' between `start_time` AND `end_time` AND `status`=1  )  [ RunTime:0.0005s ]

[ 2016-06-17T00:14:17+08:00 ] ::1 /curriculum/Admin/Index/getclass.shtml
INFO: [ app_begin ] --START--
INFO: Run Behavior\ReadHtmlCacheBehavior [ RunTime:0.000463s ]
INFO: [ app_begin ] --END-- [ RunTime:0.000751s ]
SQL: SHOW COLUMNS FROM `setclass` [ RunTime:0.0172s ]
SQL: SELECT * FROM `setclass` WHERE ( '2016-06-17' between `start_time` AND `end_time` AND `status`=1  )  [ RunTime:0.0005s ]

[ 2016-06-17T00:17:18+08:00 ] ::1 /curriculum/Admin/Index/getclass.shtml
INFO: [ app_begin ] --START--
INFO: Run Behavior\ReadHtmlCacheBehavior [ RunTime:0.000464s ]
INFO: [ app_begin ] --END-- [ RunTime:0.000761s ]
SQL: SHOW COLUMNS FROM `setclass` [ RunTime:0.0166s ]
SQL: SELECT * FROM `setclass` WHERE ( '2016-06-17' between `start_time` AND `end_time` AND `status`=1  )  [ RunTime:0.0005s ]

[ 2016-06-17T00:17:48+08:00 ] ::1 /curriculum/Admin/Index/getclass.shtml
INFO: [ app_begin ] --START--
INFO: Run Behavior\ReadHtmlCacheBehavior [ RunTime:0.000477s ]
INFO: [ app_begin ] --END-- [ RunTime:0.000768s ]
SQL: SHOW COLUMNS FROM `setclass` [ RunTime:0.0169s ]
SQL: SELECT * FROM `setclass` WHERE ( '2016-06-17' between `start_time` AND `end_time` AND `status`=1  )  [ RunTime:0.0005s ]

[ 2016-06-17T00:18:47+08:00 ] ::1 /curriculum/Admin/Index/getclass.shtml
INFO: [ app_begin ] --START--
INFO: Run Behavior\ReadHtmlCacheBehavior [ RunTime:0.000482s ]
INFO: [ app_begin ] --END-- [ RunTime:0.000802s ]
SQL: SHOW COLUMNS FROM `setclass` [ RunTime:0.0168s ]
SQL: SELECT * FROM `setclass` WHERE ( '2016-06-17' between `start_time` AND `end_time` AND `status`=1  )  [ RunTime:0.0005s ]

[ 2016-06-17T00:19:20+08:00 ] ::1 /curriculum/Admin/Index/getclass.shtml
INFO: [ app_begin ] --START--
INFO: Run Behavior\ReadHtmlCacheBehavior [ RunTime:0.000511s ]
INFO: [ app_begin ] --END-- [ RunTime:0.000832s ]
SQL: SHOW COLUMNS FROM `setclass` [ RunTime:0.0164s ]
SQL: SELECT * FROM `setclass` WHERE ( '2016-06-17' between `start_time` AND `end_time` AND `status`=1  )  [ RunTime:0.0005s ]

[ 2016-06-17T00:19:51+08:00 ] ::1 /curriculum/Admin/Index/getclass.shtml
INFO: [ app_begin ] --START--
INFO: Run Behavior\ReadHtmlCacheBehavior [ RunTime:0.000390s ]
INFO: [ app_begin ] --END-- [ RunTime:0.000671s ]
SQL: SHOW COLUMNS FROM `setclass` [ RunTime:0.0165s ]
SQL: SELECT * FROM `setclass` WHERE ( '2016-06-17' between `start_time` AND `end_time` AND `status`=1  )  [ RunTime:0.0005s ]

[ 2016-06-17T00:21:52+08:00 ] ::1 /curriculum/Admin/Index/getclass.shtml
INFO: [ app_begin ] --START--
INFO: Run Behavior\ReadHtmlCacheBehavior [ RunTime:0.000473s ]
INFO: [ app_begin ] --END-- [ RunTime:0.000768s ]
SQL: SHOW COLUMNS FROM `setclass` [ RunTime:0.0166s ]
SQL: SELECT * FROM `setclass` WHERE ( '2016-06-17' between `start_time` AND `end_time` AND `status`=1  )  [ RunTime:0.0005s ]

[ 2016-06-17T00:22:14+08:00 ] ::1 /curriculum/Admin/Index/getclass.shtml
INFO: [ app_begin ] --START--
INFO: Run Behavior\ReadHtmlCacheBehavior [ RunTime:0.000482s ]
INFO: [ app_begin ] --END-- [ RunTime:0.000773s ]
SQL: SHOW COLUMNS FROM `setclass` [ RunTime:0.0168s ]
SQL: SELECT * FROM `setclass` WHERE ( '2016-06-17' between `start_time` AND `end_time` AND `status`=1  )  [ RunTime:0.0005s ]

[ 2016-06-17T00:22:58+08:00 ] ::1 /curriculum/Admin/Index/getclass.shtml
INFO: [ app_begin ] --START--
INFO: Run Behavior\ReadHtmlCacheBehavior [ RunTime:0.000368s ]
INFO: [ app_begin ] --END-- [ RunTime:0.000649s ]
SQL: SHOW COLUMNS FROM `setclass` [ RunTime:0.0180s ]
SQL: SELECT * FROM `setclass` WHERE ( '2016-06-17' between `start_time` AND `end_time` AND `status`=1  )  [ RunTime:0.0005s ]

[ 2016-06-17T00:23:12+08:00 ] ::1 /curriculum/Admin/Index/getclass.shtml
INFO: [ app_begin ] --START--
INFO: Run Behavior\ReadHtmlCacheBehavior [ RunTime:0.000410s ]
INFO: [ app_begin ] --END-- [ RunTime:0.000706s ]
SQL: SHOW COLUMNS FROM `setclass` [ RunTime:0.0167s ]
SQL: SELECT * FROM `setclass` WHERE ( '2016-06-17' between `start_time` AND `end_time` AND `status`=1  )  [ RunTime:0.0005s ]

[ 2016-06-17T00:23:54+08:00 ] ::1 /curriculum/Admin/Index/getclass.shtml
INFO: [ app_begin ] --START--
INFO: Run Behavior\ReadHtmlCacheBehavior [ RunTime:0.000474s ]
INFO: [ app_begin ] --END-- [ RunTime:0.000780s ]
SQL: SHOW COLUMNS FROM `setclass` [ RunTime:0.0180s ]
SQL: SELECT * FROM `setclass` WHERE ( '2016-06-17' between `start_time` AND `end_time` AND `status`=1  )  [ RunTime:0.0005s ]

[ 2016-06-17T00:24:06+08:00 ] ::1 /curriculum/Admin/Index/getclass.shtml
INFO: [ app_begin ] --START--
INFO: Run Behavior\ReadHtmlCacheBehavior [ RunTime:0.000464s ]
INFO: [ app_begin ] --END-- [ RunTime:0.000764s ]
SQL: SHOW COLUMNS FROM `setclass` [ RunTime:0.0175s ]
SQL: SELECT * FROM `setclass` WHERE ( '2016-06-17' between `start_time` AND `end_time` AND `status`=1  )  [ RunTime:0.0005s ]

[ 2016-06-17T00:24:22+08:00 ] ::1 /curriculum/Admin/Index/getclass.shtml
INFO: [ app_begin ] --START--
INFO: Run Behavior\ReadHtmlCacheBehavior [ RunTime:0.000383s ]
INFO: [ app_begin ] --END-- [ RunTime:0.000650s ]
SQL: SHOW COLUMNS FROM `setclass` [ RunTime:0.0168s ]
SQL: SELECT * FROM `setclass` WHERE ( '2016-06-17' between `start_time` AND `end_time` AND `status`=1  )  [ RunTime:0.0005s ]

[ 2016-06-17T00:25:25+08:00 ] ::1 /curriculum/Admin/Index/getclass.shtml
INFO: [ app_begin ] --START--
INFO: Run Behavior\ReadHtmlCacheBehavior [ RunTime:0.000470s ]
INFO: [ app_begin ] --END-- [ RunTime:0.000781s ]
SQL: SHOW COLUMNS FROM `setclass` [ RunTime:0.0168s ]
SQL: SELECT * FROM `setclass` WHERE ( '2016-06-17' between `start_time` AND `end_time` AND `status`=1  )  [ RunTime:0.0005s ]

[ 2016-06-17T00:25:36+08:00 ] ::1 /curriculum/Admin/Index/getclass.shtml
INFO: [ app_begin ] --START--
INFO: Run Behavior\ReadHtmlCacheBehavior [ RunTime:0.000364s ]
INFO: [ app_begin ] --END-- [ RunTime:0.000663s ]
SQL: SHOW COLUMNS FROM `setclass` [ RunTime:0.0169s ]
SQL: SELECT * FROM `setclass` WHERE ( '2016-06-17' between `start_time` AND `end_time` AND `status`=1  )  [ RunTime:0.0005s ]

[ 2016-06-17T00:26:53+08:00 ] ::1 /curriculum/Admin/Index/getclass.shtml
INFO: [ app_begin ] --START--
INFO: Run Behavior\ReadHtmlCacheBehavior [ RunTime:0.000658s ]
INFO: [ app_begin ] --END-- [ RunTime:0.001151s ]
SQL: SHOW COLUMNS FROM `setclass` [ RunTime:0.0166s ]
SQL: SELECT * FROM `setclass` WHERE ( '2016-06-17' between `start_time` AND `end_time` AND `status`=1  )  [ RunTime:0.0005s ]

[ 2016-06-17T00:27:07+08:00 ] ::1 /curriculum/Admin/Index/getclass.shtml
INFO: [ app_begin ] --START--
INFO: Run Behavior\ReadHtmlCacheBehavior [ RunTime:0.000484s ]
INFO: [ app_begin ] --END-- [ RunTime:0.000803s ]
SQL: SHOW COLUMNS FROM `setclass` [ RunTime:0.0168s ]
SQL: SELECT * FROM `setclass` WHERE ( '2016-06-17' between `start_time` AND `end_time` AND `status`=1  )  [ RunTime:0.0005s ]

[ 2016-06-17T00:27:26+08:00 ] ::1 /curriculum/Admin/Index/getclass.shtml
INFO: [ app_begin ] --START--
INFO: Run Behavior\ReadHtmlCacheBehavior [ RunTime:0.000378s ]
INFO: [ app_begin ] --END-- [ RunTime:0.000640s ]
SQL: SHOW COLUMNS FROM `setclass` [ RunTime:0.0167s ]
SQL: SELECT * FROM `setclass` WHERE ( '2016-06-17' between `start_time` AND `end_time` AND `status`=1  )  [ RunTime:0.0005s ]

[ 2016-06-17T00:28:01+08:00 ] ::1 /curriculum/Admin/Index/getclass.shtml
INFO: [ app_begin ] --START--
INFO: Run Behavior\ReadHtmlCacheBehavior [ RunTime:0.000397s ]
INFO: [ app_begin ] --END-- [ RunTime:0.000682s ]
SQL: SHOW COLUMNS FROM `setclass` [ RunTime:0.0168s ]
SQL: SELECT * FROM `setclass` WHERE ( '2016-06-17' between `start_time` AND `end_time` AND `status`=1  )  [ RunTime:0.0006s ]

[ 2016-06-17T00:28:11+08:00 ] ::1 /Curriculum/Admin/Index
ERR: XML标签语法错误 : name="$k" value=0

[ 2016-06-17T00:28:42+08:00 ] ::1 /curriculum/Admin/Index/getclass.shtml
INFO: [ app_begin ] --START--
INFO: Run Behavior\ReadHtmlCacheBehavior [ RunTime:0.000390s ]
INFO: [ app_begin ] --END-- [ RunTime:0.000656s ]
SQL: SHOW COLUMNS FROM `setclass` [ RunTime:0.0166s ]
SQL: SELECT * FROM `setclass` WHERE ( '2016-06-17' between `start_time` AND `end_time` AND `status`=1  )  [ RunTime:0.0005s ]

[ 2016-06-17T00:28:59+08:00 ] ::1 /curriculum/Admin/Index/getclass.shtml
INFO: [ app_begin ] --START--
INFO: Run Behavior\ReadHtmlCacheBehavior [ RunTime:0.000388s ]
INFO: [ app_begin ] --END-- [ RunTime:0.000692s ]
SQL: SHOW COLUMNS FROM `setclass` [ RunTime:0.0165s ]
SQL: SELECT * FROM `setclass` WHERE ( '2016-06-17' between `start_time` AND `end_time` AND `status`=1  )  [ RunTime:0.0005s ]

[ 2016-06-17T00:29:22+08:00 ] ::1 /curriculum/Admin/Index/getclass.shtml
INFO: [ app_begin ] --START--
INFO: Run Behavior\ReadHtmlCacheBehavior [ RunTime:0.000449s ]
INFO: [ app_begin ] --END-- [ RunTime:0.000738s ]
SQL: SHOW COLUMNS FROM `setclass` [ RunTime:0.0174s ]
SQL: SELECT * FROM `setclass` WHERE ( '2016-06-17' between `start_time` AND `end_time` AND `status`=1  )  [ RunTime:0.0005s ]

[ 2016-06-17T00:29:46+08:00 ] ::1 /curriculum/Admin/Index/getclass.shtml
INFO: [ app_begin ] --START--
INFO: Run Behavior\ReadHtmlCacheBehavior [ RunTime:0.000385s ]
INFO: [ app_begin ] --END-- [ RunTime:0.000655s ]
SQL: SHOW COLUMNS FROM `setclass` [ RunTime:0.0165s ]
SQL: SELECT * FROM `setclass` WHERE ( '2016-06-17' between `start_time` AND `end_time` AND `status`=1  )  [ RunTime:0.0005s ]

[ 2016-06-17T00:30:17+08:00 ] ::1 /curriculum/Admin/Index/getclass.shtml
INFO: [ app_begin ] --START--
INFO: Run Behavior\ReadHtmlCacheBehavior [ RunTime:0.000497s ]
INFO: [ app_begin ] --END-- [ RunTime:0.000832s ]
SQL: SHOW COLUMNS FROM `setclass` [ RunTime:0.0181s ]
SQL: SELECT * FROM `setclass` WHERE ( '2016-06-17' between `start_time` AND `end_time` AND `status`=1  )  [ RunTime:0.0005s ]

[ 2016-06-17T00:30:24+08:00 ] ::1 /curriculum/Admin/Index/getclass.shtml
INFO: [ app_begin ] --START--
INFO: Run Behavior\ReadHtmlCacheBehavior [ RunTime:0.000379s ]
INFO: [ app_begin ] --END-- [ RunTime:0.000645s ]
SQL: SHOW COLUMNS FROM `setclass` [ RunTime:0.0171s ]
SQL: SELECT * FROM `setclass` WHERE ( '2016-06-17' between `start_time` AND `end_time` AND `status`=1  )  [ RunTime:0.0005s ]

[ 2016-06-17T00:30:34+08:00 ] ::1 /curriculum/Admin/Index/getclass.shtml
INFO: [ app_begin ] --START--
INFO: Run Behavior\ReadHtmlCacheBehavior [ RunTime:0.000453s ]
INFO: [ app_begin ] --END-- [ RunTime:0.000749s ]
SQL: SHOW COLUMNS FROM `setclass` [ RunTime:0.0162s ]
SQL: SELECT * FROM `setclass` WHERE ( '2016-06-17' between `start_time` AND `end_time` AND `status`=1  )  [ RunTime:0.0004s ]

[ 2016-06-17T00:33:51+08:00 ] ::1 /curriculum/Admin/Index/getclass.shtml
INFO: [ app_begin ] --START--
INFO: Run Behavior\ReadHtmlCacheBehavior [ RunTime:0.000462s ]
INFO: [ app_begin ] --END-- [ RunTime:0.000772s ]
SQL: SHOW COLUMNS FROM `setclass` [ RunTime:0.0167s ]
SQL: SELECT * FROM `setclass` WHERE ( '2016-06-17' between `start_time` AND `end_time` AND `status`=1  )  [ RunTime:0.0005s ]

[ 2016-06-17T00:33:56+08:00 ] ::1 /curriculum/Admin/Index/getclass.shtml
INFO: [ app_begin ] --START--
INFO: Run Behavior\ReadHtmlCacheBehavior [ RunTime:0.000451s ]
INFO: [ app_begin ] --END-- [ RunTime:0.000744s ]
SQL: SHOW COLUMNS FROM `setclass` [ RunTime:0.0165s ]
SQL: SELECT * FROM `setclass` WHERE ( '2016-06-17' between `start_time` AND `end_time` AND `status`=1  )  [ RunTime:0.0005s ]

[ 2016-06-17T00:34:05+08:00 ] ::1 /curriculum/Admin/Index/getclass.shtml
INFO: [ app_begin ] --START--
INFO: Run Behavior\ReadHtmlCacheBehavior [ RunTime:0.000492s ]
INFO: [ app_begin ] --END-- [ RunTime:0.000822s ]
SQL: SHOW COLUMNS FROM `setclass` [ RunTime:0.0169s ]
SQL: SELECT * FROM `setclass` WHERE ( '2016-06-17' between `start_time` AND `end_time` AND `status`=1  )  [ RunTime:0.0005s ]

[ 2016-06-17T00:35:06+08:00 ] ::1 /curriculum/Admin/Index/getclass.shtml
INFO: [ app_begin ] --START--
INFO: Run Behavior\ReadHtmlCacheBehavior [ RunTime:0.000412s ]
INFO: [ app_begin ] --END-- [ RunTime:0.000701s ]
SQL: SHOW COLUMNS FROM `setclass` [ RunTime:0.0176s ]
SQL: SELECT * FROM `setclass` WHERE ( '2016-06-17' between `start_time` AND `end_time` AND `status`=1  )  [ RunTime:0.0005s ]

[ 2016-06-17T00:36:46+08:00 ] ::1 /curriculum/Admin/Index/getclass.shtml
INFO: [ app_begin ] --START--
INFO: Run Behavior\ReadHtmlCacheBehavior [ RunTime:0.000484s ]
INFO: [ app_begin ] --END-- [ RunTime:0.000794s ]
SQL: SHOW COLUMNS FROM `setclass` [ RunTime:0.0178s ]
SQL: SELECT * FROM `setclass` WHERE ( '2016-06-17' between `start_time` AND `end_time` AND `status`=1  )  [ RunTime:0.0005s ]

[ 2016-06-17T00:36:59+08:00 ] ::1 /curriculum/Admin/Index/getclass.shtml
INFO: [ app_begin ] --START--
INFO: Run Behavior\ReadHtmlCacheBehavior [ RunTime:0.000524s ]
INFO: [ app_begin ] --END-- [ RunTime:0.000867s ]
SQL: SHOW COLUMNS FROM `setclass` [ RunTime:0.0197s ]
SQL: SELECT * FROM `setclass` WHERE ( '2016-06-17' between `start_time` AND `end_time` AND `status`=1  )  [ RunTime:0.0005s ]

[ 2016-06-17T00:38:12+08:00 ] ::1 /curriculum/Admin/Index/getclass.shtml
INFO: [ app_begin ] --START--
INFO: Run Behavior\ReadHtmlCacheBehavior [ RunTime:0.000441s ]
INFO: [ app_begin ] --END-- [ RunTime:0.000780s ]
SQL: SHOW COLUMNS FROM `setclass` [ RunTime:0.0170s ]
SQL: SELECT * FROM `setclass` WHERE ( '2016-06-17' between `start_time` AND `end_time` AND `status`=1  )  [ RunTime:0.0005s ]

[ 2016-06-17T00:39:37+08:00 ] ::1 /curriculum/Admin/Index/getclass.shtml
INFO: [ app_begin ] --START--
INFO: Run Behavior\ReadHtmlCacheBehavior [ RunTime:0.000533s ]
INFO: [ app_begin ] --END-- [ RunTime:0.000968s ]
SQL: SHOW COLUMNS FROM `setclass` [ RunTime:0.0166s ]
SQL: SELECT * FROM `setclass` WHERE ( '2016-06-17' between `start_time` AND `end_time` AND `status`=1  )  [ RunTime:0.0005s ]

[ 2016-06-17T00:40:09+08:00 ] ::1 /curriculum/Admin/Index/getclass.shtml
INFO: [ app_begin ] --START--
INFO: Run Behavior\ReadHtmlCacheBehavior [ RunTime:0.000523s ]
INFO: [ app_begin ] --END-- [ RunTime:0.000874s ]
SQL: SHOW COLUMNS FROM `setclass` [ RunTime:0.0087s ]
SQL: SELECT * FROM `setclass` WHERE ( '2016-06-17' between `start_time` AND `end_time` AND `status`=1  )  [ RunTime:0.0003s ]

[ 2016-06-17T00:40:33+08:00 ] ::1 /curriculum/Admin/Index/getclass.shtml
INFO: [ app_begin ] --START--
INFO: Run Behavior\ReadHtmlCacheBehavior [ RunTime:0.000467s ]
INFO: [ app_begin ] --END-- [ RunTime:0.000769s ]
SQL: SHOW COLUMNS FROM `setclass` [ RunTime:0.0086s ]
SQL: SELECT * FROM `setclass` WHERE ( '2016-06-17' between `start_time` AND `end_time` AND `status`=1  )  [ RunTime:0.0003s ]

[ 2016-06-17T00:41:11+08:00 ] ::1 /curriculum/Admin/Index/getclass.shtml
INFO: [ app_begin ] --START--
INFO: Run Behavior\ReadHtmlCacheBehavior [ RunTime:0.000386s ]
INFO: [ app_begin ] --END-- [ RunTime:0.000704s ]
SQL: SHOW COLUMNS FROM `setclass` [ RunTime:0.0166s ]
SQL: SELECT * FROM `setclass` WHERE ( '2016-06-17' between `start_time` AND `end_time` AND `status`=1  )  [ RunTime:0.0005s ]

[ 2016-06-17T00:43:18+08:00 ] ::1 /curriculum/Admin/Index/getclass.shtml
INFO: [ app_begin ] --START--
INFO: Run Behavior\ReadHtmlCacheBehavior [ RunTime:0.000506s ]
INFO: [ app_begin ] --END-- [ RunTime:0.000799s ]
SQL: SHOW COLUMNS FROM `setclass` [ RunTime:0.0167s ]
SQL: SELECT * FROM `setclass` WHERE ( '2016-06-17' between `start_time` AND `end_time` AND `status`=1  )  [ RunTime:0.0005s ]

[ 2016-06-17T00:44:52+08:00 ] ::1 /curriculum/Admin/Index/getclass.shtml
INFO: [ app_begin ] --START--
INFO: Run Behavior\ReadHtmlCacheBehavior [ RunTime:0.000457s ]
INFO: [ app_begin ] --END-- [ RunTime:0.000818s ]
SQL: SHOW COLUMNS FROM `setclass` [ RunTime:0.0106s ]
SQL: SELECT * FROM `setclass` WHERE ( '2016-06-17' between `start_time` AND `end_time` AND `status`=1  )  [ RunTime:0.0003s ]

[ 2016-06-17T00:44:55+08:00 ] ::1 /curriculum/Admin/Index/getclass.shtml
INFO: [ app_begin ] --START--
INFO: Run Behavior\ReadHtmlCacheBehavior [ RunTime:0.000385s ]
INFO: [ app_begin ] --END-- [ RunTime:0.000654s ]
SQL: SHOW COLUMNS FROM `setclass` [ RunTime:0.0166s ]
SQL: SELECT * FROM `setclass` WHERE ( '2016-06-17' between `start_time` AND `end_time` AND `status`=1  )  [ RunTime:0.0005s ]

[ 2016-06-17T00:45:04+08:00 ] ::1 /curriculum/Admin/Index/getclass.shtml
INFO: [ app_begin ] --START--
INFO: Run Behavior\ReadHtmlCacheBehavior [ RunTime:0.000464s ]
INFO: [ app_begin ] --END-- [ RunTime:0.000775s ]
SQL: SHOW COLUMNS FROM `setclass` [ RunTime:0.0194s ]
SQL: SELECT * FROM `setclass` WHERE ( '2016-06-17' between `start_time` AND `end_time` AND `status`=1  )  [ RunTime:0.0005s ]

[ 2016-06-17T00:45:13+08:00 ] ::1 /curriculum/Admin/Index/getclass.shtml
INFO: [ app_begin ] --START--
INFO: Run Behavior\ReadHtmlCacheBehavior [ RunTime:0.000474s ]
INFO: [ app_begin ] --END-- [ RunTime:0.000764s ]
SQL: SHOW COLUMNS FROM `setclass` [ RunTime:0.0167s ]
SQL: SELECT * FROM `setclass` WHERE ( '2016-06-17' between `start_time` AND `end_time` AND `status`=1  )  [ RunTime:0.0005s ]

[ 2016-06-17T00:46:01+08:00 ] ::1 /curriculum/Admin/Index/getclass.shtml
INFO: [ app_begin ] --START--
INFO: Run Behavior\ReadHtmlCacheBehavior [ RunTime:0.000417s ]
INFO: [ app_begin ] --END-- [ RunTime:0.000739s ]
SQL: SHOW COLUMNS FROM `setclass` [ RunTime:0.0086s ]
SQL: SELECT * FROM `setclass` WHERE ( '2016-6-15' between `start_time` AND `end_time` AND `status`=1  )  [ RunTime:0.0003s ]

[ 2016-06-17T00:47:21+08:00 ] ::1 /curriculum/Admin/Index/getclass.shtml
INFO: [ app_begin ] --START--
INFO: Run Behavior\ReadHtmlCacheBehavior [ RunTime:0.000452s ]
INFO: [ app_begin ] --END-- [ RunTime:0.000751s ]
SQL: SHOW COLUMNS FROM `setclass` [ RunTime:0.0173s ]
SQL: SELECT * FROM `setclass` WHERE ( '2016-06-17' between `start_time` AND `end_time` AND `status`=1  )  [ RunTime:0.0005s ]

[ 2016-06-17T00:48:01+08:00 ] ::1 /curriculum/Admin/Index/getclass.shtml
INFO: [ app_begin ] --START--
INFO: Run Behavior\ReadHtmlCacheBehavior [ RunTime:0.000387s ]
INFO: [ app_begin ] --END-- [ RunTime:0.000681s ]
SQL: SHOW COLUMNS FROM `setclass` [ RunTime:0.0170s ]
SQL: SELECT * FROM `setclass` WHERE ( '2016-6-19' between `start_time` AND `end_time` AND `status`=1  )  [ RunTime:0.0005s ]

[ 2016-06-17T00:48:04+08:00 ] ::1 /curriculum/Admin/Index/getclass.shtml
INFO: [ app_begin ] --START--
INFO: Run Behavior\ReadHtmlCacheBehavior [ RunTime:0.000526s ]
INFO: [ app_begin ] --END-- [ RunTime:0.000878s ]
SQL: SHOW COLUMNS FROM `setclass` [ RunTime:0.0168s ]
SQL: SELECT * FROM `setclass` WHERE ( '2016-6-20' between `start_time` AND `end_time` AND `status`=1  )  [ RunTime:0.0005s ]

[ 2016-06-17T00:48:07+08:00 ] ::1 /curriculum/Admin/Index/getclass.shtml
INFO: [ app_begin ] --START--
INFO: Run Behavior\ReadHtmlCacheBehavior [ RunTime:0.000395s ]
INFO: [ app_begin ] --END-- [ RunTime:0.000665s ]
SQL: SHOW COLUMNS FROM `setclass` [ RunTime:0.0165s ]
SQL: SELECT * FROM `setclass` WHERE ( '2016-6-23' between `start_time` AND `end_time` AND `status`=1  )  [ RunTime:0.0005s ]

[ 2016-06-17T00:48:16+08:00 ] ::1 /curriculum/Admin/Index/getclass.shtml
INFO: [ app_begin ] --START--
INFO: Run Behavior\ReadHtmlCacheBehavior [ RunTime:0.000399s ]
INFO: [ app_begin ] --END-- [ RunTime:0.000698s ]
SQL: SHOW COLUMNS FROM `setclass` [ RunTime:0.0181s ]
SQL: SELECT * FROM `setclass` WHERE ( '2016-6-22' between `start_time` AND `end_time` AND `status`=1  )  [ RunTime:0.0005s ]

[ 2016-06-17T00:48:19+08:00 ] ::1 /curriculum/Admin/Index/getclass.shtml
INFO: [ app_begin ] --START--
INFO: Run Behavior\ReadHtmlCacheBehavior [ RunTime:0.000389s ]
INFO: [ app_begin ] --END-- [ RunTime:0.000671s ]
SQL: SHOW COLUMNS FROM `setclass` [ RunTime:0.0169s ]
SQL: SELECT * FROM `setclass` WHERE ( '2016-6-21' between `start_time` AND `end_time` AND `status`=1  )  [ RunTime:0.0005s ]

[ 2016-06-17T00:48:22+08:00 ] ::1 /curriculum/Admin/Index/getclass.shtml
INFO: [ app_begin ] --START--
INFO: Run Behavior\ReadHtmlCacheBehavior [ RunTime:0.000424s ]
INFO: [ app_begin ] --END-- [ RunTime:0.000758s ]
SQL: SHOW COLUMNS FROM `setclass` [ RunTime:0.0184s ]
SQL: SELECT * FROM `setclass` WHERE ( '2016-6-19' between `start_time` AND `end_time` AND `status`=1  )  [ RunTime:0.0005s ]

[ 2016-06-17T00:48:24+08:00 ] ::1 /curriculum/Admin/Index/getclass.shtml
INFO: [ app_begin ] --START--
INFO: Run Behavior\ReadHtmlCacheBehavior [ RunTime:0.000427s ]
INFO: [ app_begin ] --END-- [ RunTime:0.000811s ]
SQL: SHOW COLUMNS FROM `setclass` [ RunTime:0.0182s ]
SQL: SELECT * FROM `setclass` WHERE ( '2016-6-20' between `start_time` AND `end_time` AND `status`=1  )  [ RunTime:0.0004s ]

[ 2016-06-17T00:48:27+08:00 ] ::1 /curriculum/Admin/Index/getclass.shtml
INFO: [ app_begin ] --START--
INFO: Run Behavior\ReadHtmlCacheBehavior [ RunTime:0.000426s ]
INFO: [ app_begin ] --END-- [ RunTime:0.000732s ]
SQL: SHOW COLUMNS FROM `setclass` [ RunTime:0.0169s ]
SQL: SELECT * FROM `setclass` WHERE ( '2016-6-8' between `start_time` AND `end_time` AND `status`=1  )  [ RunTime:0.0005s ]

[ 2016-06-17T00:48:30+08:00 ] ::1 /curriculum/Admin/Index/getclass.shtml
INFO: [ app_begin ] --START--
INFO: Run Behavior\ReadHtmlCacheBehavior [ RunTime:0.000404s ]
INFO: [ app_begin ] --END-- [ RunTime:0.000688s ]
SQL: SHOW COLUMNS FROM `setclass` [ RunTime:0.0183s ]
SQL: SELECT * FROM `setclass` WHERE ( '2016-6-21' between `start_time` AND `end_time` AND `status`=1  )  [ RunTime:0.0005s ]

[ 2016-06-17T00:48:33+08:00 ] ::1 /curriculum/Admin/Index/getclass.shtml
INFO: [ app_begin ] --START--
INFO: Run Behavior\ReadHtmlCacheBehavior [ RunTime:0.000434s ]
INFO: [ app_begin ] --END-- [ RunTime:0.000743s ]
SQL: SHOW COLUMNS FROM `setclass` [ RunTime:0.0192s ]
SQL: SELECT * FROM `setclass` WHERE ( '2016-6-20' between `start_time` AND `end_time` AND `status`=1  )  [ RunTime:0.0005s ]

[ 2016-06-17T00:48:35+08:00 ] ::1 /curriculum/Admin/Index/getclass.shtml
INFO: [ app_begin ] --START--
INFO: Run Behavior\ReadHtmlCacheBehavior [ RunTime:0.000441s ]
INFO: [ app_begin ] --END-- [ RunTime:0.000754s ]
SQL: SHOW COLUMNS FROM `setclass` [ RunTime:0.0196s ]
SQL: SELECT * FROM `setclass` WHERE ( '2016-6-23' between `start_time` AND `end_time` AND `status`=1  )  [ RunTime:0.0006s ]

[ 2016-06-17T00:48:38+08:00 ] ::1 /curriculum/Admin/Index/getclass.shtml
INFO: [ app_begin ] --START--
INFO: Run Behavior\ReadHtmlCacheBehavior [ RunTime:0.000391s ]
INFO: [ app_begin ] --END-- [ RunTime:0.000667s ]
SQL: SHOW COLUMNS FROM `setclass` [ RunTime:0.0173s ]
SQL: SELECT * FROM `setclass` WHERE ( '2016-6-27' between `start_time` AND `end_time` AND `status`=1  )  [ RunTime:0.0005s ]

[ 2016-06-17T00:48:44+08:00 ] ::1 /curriculum/Admin/Index/getclass.shtml
INFO: [ app_begin ] --START--
INFO: Run Behavior\ReadHtmlCacheBehavior [ RunTime:0.000496s ]
INFO: [ app_begin ] --END-- [ RunTime:0.000847s ]
SQL: SHOW COLUMNS FROM `setclass` [ RunTime:0.0170s ]
SQL: SELECT * FROM `setclass` WHERE ( '2016-06-17' between `start_time` AND `end_time` AND `status`=1  )  [ RunTime:0.0005s ]

[ 2016-06-17T00:49:02+08:00 ] ::1 /curriculum/Admin/Index/getclass.shtml
INFO: [ app_begin ] --START--
INFO: Run Behavior\ReadHtmlCacheBehavior [ RunTime:0.000478s ]
INFO: [ app_begin ] --END-- [ RunTime:0.000772s ]
SQL: SHOW COLUMNS FROM `setclass` [ RunTime:0.0089s ]
SQL: SELECT * FROM `setclass` WHERE ( '2016-06-17' between `start_time` AND `end_time` AND `status`=1  )  [ RunTime:0.0003s ]

[ 2016-06-17T00:50:48+08:00 ] ::1 /curriculum/Admin/Index/getclass.shtml
INFO: [ app_begin ] --START--
INFO: Run Behavior\ReadHtmlCacheBehavior [ RunTime:0.000451s ]
INFO: [ app_begin ] --END-- [ RunTime:0.000752s ]
SQL: SHOW COLUMNS FROM `setclass` [ RunTime:0.0164s ]
SQL: SELECT * FROM `setclass` WHERE ( '2016-06-17' between `start_time` AND `end_time` AND `status`=1  )  [ RunTime:0.0005s ]

[ 2016-06-17T00:52:23+08:00 ] ::1 /curriculum/Admin/Index/getclass.shtml
INFO: [ app_begin ] --START--
INFO: Run Behavior\ReadHtmlCacheBehavior [ RunTime:0.000476s ]
INFO: [ app_begin ] --END-- [ RunTime:0.000774s ]
SQL: SHOW COLUMNS FROM `setclass` [ RunTime:0.0185s ]
SQL: SELECT * FROM `setclass` WHERE ( '2016-06-17' between `start_time` AND `end_time` AND `status`=1  )  [ RunTime:0.0005s ]

[ 2016-06-17T00:54:46+08:00 ] ::1 /curriculum/Admin/Index/getclass.shtml
INFO: [ app_begin ] --START--
INFO: Run Behavior\ReadHtmlCacheBehavior [ RunTime:0.000463s ]
INFO: [ app_begin ] --END-- [ RunTime:0.000761s ]
SQL: SHOW COLUMNS FROM `setclass` [ RunTime:0.0165s ]
SQL: SELECT * FROM `setclass` WHERE ( '2016-06-17' between `start_time` AND `end_time` AND `status`=1  )  [ RunTime:0.0005s ]

[ 2016-06-17T00:55:20+08:00 ] ::1 /curriculum/Admin/Index/getclass.shtml
INFO: [ app_begin ] --START--
INFO: Run Behavior\ReadHtmlCacheBehavior [ RunTime:0.000491s ]
INFO: [ app_begin ] --END-- [ RunTime:0.000803s ]
SQL: SHOW COLUMNS FROM `setclass` [ RunTime:0.0169s ]
SQL: SELECT * FROM `setclass` WHERE ( '2016-06-17' between `start_time` AND `end_time` AND `status`=1  )  [ RunTime:0.0005s ]

[ 2016-06-17T00:55:41+08:00 ] ::1 /curriculum/Admin/Index/getclass.shtml
INFO: [ app_begin ] --START--
INFO: Run Behavior\ReadHtmlCacheBehavior [ RunTime:0.000381s ]
INFO: [ app_begin ] --END-- [ RunTime:0.000647s ]
SQL: SHOW COLUMNS FROM `setclass` [ RunTime:0.0176s ]
SQL: SELECT * FROM `setclass` WHERE ( '2016-06-17' between `start_time` AND `end_time` AND `status`=1  )  [ RunTime:0.0005s ]

[ 2016-06-17T00:55:49+08:00 ] ::1 /curriculum/Admin/Index/getclass.shtml
INFO: [ app_begin ] --START--
INFO: Run Behavior\ReadHtmlCacheBehavior [ RunTime:0.000494s ]
INFO: [ app_begin ] --END-- [ RunTime:0.000931s ]
SQL: SHOW COLUMNS FROM `setclass` [ RunTime:0.0166s ]
SQL: SELECT * FROM `setclass` WHERE ( '2016-06-17' between `start_time` AND `end_time` AND `status`=1  )  [ RunTime:0.0005s ]

[ 2016-06-17T00:55:56+08:00 ] ::1 /curriculum/Admin/Index/getclass.shtml
INFO: [ app_begin ] --START--
INFO: Run Behavior\ReadHtmlCacheBehavior [ RunTime:0.000391s ]
INFO: [ app_begin ] --END-- [ RunTime:0.000684s ]
SQL: SHOW COLUMNS FROM `setclass` [ RunTime:0.0172s ]
SQL: SELECT * FROM `setclass` WHERE ( '2016-06-17' between `start_time` AND `end_time` AND `status`=1  )  [ RunTime:0.0005s ]

[ 2016-06-17T00:57:09+08:00 ] ::1 /curriculum/Admin/Index/getclass.shtml
INFO: [ app_begin ] --START--
INFO: Run Behavior\ReadHtmlCacheBehavior [ RunTime:0.000389s ]
INFO: [ app_begin ] --END-- [ RunTime:0.000673s ]
SQL: SHOW COLUMNS FROM `setclass` [ RunTime:0.0172s ]
SQL: SELECT * FROM `setclass` WHERE ( '2016-06-17' between `start_time` AND `end_time` AND `status`=1  )  [ RunTime:0.0005s ]

[ 2016-06-17T00:57:25+08:00 ] ::1 /curriculum/Admin/Index/getclass.shtml
INFO: [ app_begin ] --START--
INFO: Run Behavior\ReadHtmlCacheBehavior [ RunTime:0.000480s ]
INFO: [ app_begin ] --END-- [ RunTime:0.000780s ]
SQL: SHOW COLUMNS FROM `setclass` [ RunTime:0.0174s ]
SQL: SELECT * FROM `setclass` WHERE ( '2016-06-17' between `start_time` AND `end_time` AND `status`=1  )  [ RunTime:0.0005s ]

[ 2016-06-17T00:58:58+08:00 ] ::1 /curriculum/Admin/Index/getclass.shtml
INFO: [ app_begin ] --START--
INFO: Run Behavior\ReadHtmlCacheBehavior [ RunTime:0.000515s ]
INFO: [ app_begin ] --END-- [ RunTime:0.000864s ]
SQL: SHOW COLUMNS FROM `setclass` [ RunTime:0.0173s ]
SQL: SELECT * FROM `setclass` WHERE ( '2016-06-17' between `start_time` AND `end_time` AND `status`=1  )  [ RunTime:0.0005s ]

[ 2016-06-17T00:59:21+08:00 ] ::1 /curriculum/Admin/Index/getclass.shtml
INFO: [ app_begin ] --START--
INFO: Run Behavior\ReadHtmlCacheBehavior [ RunTime:0.000539s ]
INFO: [ app_begin ] --END-- [ RunTime:0.000879s ]
SQL: SHOW COLUMNS FROM `setclass` [ RunTime:0.0168s ]
SQL: SELECT * FROM `setclass` WHERE ( '2016-06-17' between `start_time` AND `end_time` AND `status`=1  )  [ RunTime:0.0005s ]

[ 2016-06-17T01:00:04+08:00 ] ::1 /curriculum/Admin/Index/getclass.shtml
INFO: [ app_begin ] --START--
INFO: Run Behavior\ReadHtmlCacheBehavior [ RunTime:0.000394s ]
INFO: [ app_begin ] --END-- [ RunTime:0.000692s ]
SQL: SHOW COLUMNS FROM `setclass` [ RunTime:0.0097s ]
SQL: SELECT * FROM `setclass` WHERE ( '2016-6-17' between `start_time` AND `end_time` AND `status`=1  )  [ RunTime:0.0003s ]

[ 2016-06-17T01:06:36+08:00 ] ::1 /curriculum/Admin/Index/getclass.shtml
INFO: [ app_begin ] --START--
INFO: Run Behavior\ReadHtmlCacheBehavior [ RunTime:0.000496s ]
INFO: [ app_begin ] --END-- [ RunTime:0.000855s ]
SQL: SHOW COLUMNS FROM `setclass` [ RunTime:0.0180s ]
SQL: SELECT * FROM `setclass` WHERE ( '2016-6-17' between `start_time` AND `end_time` AND `status`=1  )  [ RunTime:0.0005s ]

[ 2016-06-17T01:11:05+08:00 ] ::1 /curriculum/Admin/Index/getclass.shtml
INFO: [ app_begin ] --START--
INFO: Run Behavior\ReadHtmlCacheBehavior [ RunTime:0.000547s ]
INFO: [ app_begin ] --END-- [ RunTime:0.000870s ]
SQL: SHOW COLUMNS FROM `setclass` [ RunTime:0.0168s ]
SQL: SELECT * FROM `setclass` WHERE ( '2016-06-17' between `start_time` AND `end_time` AND `status`=1  )  [ RunTime:0.0006s ]

[ 2016-06-17T01:11:09+08:00 ] ::1 /curriculum/Admin/Index/addinfo.shtml
INFO: [ app_begin ] --START--
INFO: Run Behavior\ReadHtmlCacheBehavior [ RunTime:0.000392s ]
INFO: [ app_begin ] --END-- [ RunTime:0.000662s ]
SQL: SHOW COLUMNS FROM `setclass` [ RunTime:0.0110s ]
SQL: UPDATE `setclass` SET `status`='1',`class_time`='2016-06-17',`x`='0',`y`='2' WHERE `id` = 0 [ RunTime:0.0002s ]
NOTIC: [8] Use of undefined constant res - assumed 'res' E:\phpStudy\WWW\curriculum\Curriculum\Admin\Controller\IndexController.class.php 第 39 行.

[ 2016-06-17T01:11:50+08:00 ] ::1 /curriculum/Admin/Index/getclass.shtml
INFO: [ app_begin ] --START--
INFO: Run Behavior\ReadHtmlCacheBehavior [ RunTime:0.000470s ]
INFO: [ app_begin ] --END-- [ RunTime:0.000769s ]
SQL: SHOW COLUMNS FROM `setclass` [ RunTime:0.0166s ]
SQL: SELECT * FROM `setclass` WHERE ( '2016-06-17' between `start_time` AND `end_time` AND `status`=1  )  [ RunTime:0.0005s ]

[ 2016-06-17T01:11:53+08:00 ] ::1 /curriculum/Admin/Index/addinfo.shtml
INFO: [ app_begin ] --START--
INFO: Run Behavior\ReadHtmlCacheBehavior [ RunTime:0.000392s ]
INFO: [ app_begin ] --END-- [ RunTime:0.000670s ]
SQL: SHOW COLUMNS FROM `setclass` [ RunTime:0.0169s ]
SQL: UPDATE `setclass` SET `status`='1',`class_time`='2016-06-17',`x`='0',`y`='4' WHERE `id` = 0 [ RunTime:0.0004s ]
NOTIC: [8] Use of undefined constant res - assumed 'res' E:\phpStudy\WWW\curriculum\Curriculum\Admin\Controller\IndexController.class.php 第 39 行.

[ 2016-06-17T01:11:57+08:00 ] ::1 /curriculum/Admin/Index/getclass.shtml
INFO: [ app_begin ] --START--
INFO: Run Behavior\ReadHtmlCacheBehavior [ RunTime:0.000367s ]
INFO: [ app_begin ] --END-- [ RunTime:0.000625s ]
SQL: SHOW COLUMNS FROM `setclass` [ RunTime:0.0165s ]
SQL: SELECT * FROM `setclass` WHERE ( '2016-06-17' between `start_time` AND `end_time` AND `status`=1  )  [ RunTime:0.0005s ]

[ 2016-06-17T01:12:29+08:00 ] ::1 /curriculum/Admin/Index/getclass.shtml
INFO: [ app_begin ] --START--
INFO: Run Behavior\ReadHtmlCacheBehavior [ RunTime:0.000386s ]
INFO: [ app_begin ] --END-- [ RunTime:0.000641s ]
SQL: SHOW COLUMNS FROM `setclass` [ RunTime:0.0172s ]
SQL: SELECT * FROM `setclass` WHERE ( '2016-06-17' between `start_time` AND `end_time` AND `status`=1  )  [ RunTime:0.0005s ]

[ 2016-06-17T01:12:32+08:00 ] ::1 /curriculum/Admin/Index/addinfo.shtml
INFO: [ app_begin ] --START--
INFO: Run Behavior\ReadHtmlCacheBehavior [ RunTime:0.000390s ]
INFO: [ app_begin ] --END-- [ RunTime:0.000662s ]
SQL: SHOW COLUMNS FROM `setclass` [ RunTime:0.0183s ]
SQL: UPDATE `setclass` SET `status`='1',`class_time`='2016-06-17',`x`='0',`y`='4' WHERE `id` = 0 [ RunTime:0.0003s ]
NOTIC: [8] Use of undefined constant res - assumed 'res' E:\phpStudy\WWW\curriculum\Curriculum\Admin\Controller\IndexController.class.php 第 39 行.

[ 2016-06-17T01:14:13+08:00 ] ::1 /curriculum/Admin/Index/getclass.shtml
INFO: [ app_begin ] --START--
INFO: Run Behavior\ReadHtmlCacheBehavior [ RunTime:0.000482s ]
INFO: [ app_begin ] --END-- [ RunTime:0.000798s ]
SQL: SHOW COLUMNS FROM `setclass` [ RunTime:0.0168s ]
SQL: SELECT * FROM `setclass` WHERE ( '2016-06-17' between `start_time` AND `end_time` AND `status`=1  )  [ RunTime:0.0005s ]

[ 2016-06-17T01:14:16+08:00 ] ::1 /curriculum/Admin/Index/addinfo.shtml
INFO: [ app_begin ] --START--
INFO: Run Behavior\ReadHtmlCacheBehavior [ RunTime:0.000388s ]
INFO: [ app_begin ] --END-- [ RunTime:0.000664s ]
SQL: SHOW COLUMNS FROM `setclass` [ RunTime:0.0176s ]
SQL: UPDATE `setclass` SET `status`='1',`class_time`='2016-06-17',`x`='0',`y`='6' WHERE `id` = 3 [ RunTime:0.0005s ]
NOTIC: [8] Use of undefined constant res - assumed 'res' E:\phpStudy\WWW\curriculum\Curriculum\Admin\Controller\IndexController.class.php 第 39 行.

[ 2016-06-17T01:14:32+08:00 ] ::1 /curriculum/Admin/Index/getclass.shtml
INFO: [ app_begin ] --START--
INFO: Run Behavior\ReadHtmlCacheBehavior [ RunTime:0.000466s ]
INFO: [ app_begin ] --END-- [ RunTime:0.000755s ]
SQL: SHOW COLUMNS FROM `setclass` [ RunTime:0.0165s ]
SQL: SELECT * FROM `setclass` WHERE ( '2016-06-17' between `start_time` AND `end_time` AND `status`=1  )  [ RunTime:0.0005s ]

[ 2016-06-17T01:14:54+08:00 ] ::1 /curriculum/Admin/Index/getclass.shtml
INFO: [ app_begin ] --START--
INFO: Run Behavior\ReadHtmlCacheBehavior [ RunTime:0.000458s ]
INFO: [ app_begin ] --END-- [ RunTime:0.000827s ]
SQL: SHOW COLUMNS FROM `setclass` [ RunTime:0.0178s ]
SQL: SELECT * FROM `setclass` WHERE ( '2016-6-18' between `start_time` AND `end_time` AND `status`=1  )  [ RunTime:0.0005s ]

[ 2016-06-17T01:15:03+08:00 ] ::1 /curriculum/Admin/Index/getclass.shtml
INFO: [ app_begin ] --START--
INFO: Run Behavior\ReadHtmlCacheBehavior [ RunTime:0.000402s ]
INFO: [ app_begin ] --END-- [ RunTime:0.000695s ]
SQL: SHOW COLUMNS FROM `setclass` [ RunTime:0.0167s ]
SQL: SELECT * FROM `setclass` WHERE ( '2016-6-20' between `start_time` AND `end_time` AND `status`=1  )  [ RunTime:0.0005s ]

[ 2016-06-17T01:15:07+08:00 ] ::1 /curriculum/Admin/Index/getclass.shtml
INFO: [ app_begin ] --START--
INFO: Run Behavior\ReadHtmlCacheBehavior [ RunTime:0.000452s ]
INFO: [ app_begin ] --END-- [ RunTime:0.000832s ]
SQL: SHOW COLUMNS FROM `setclass` [ RunTime:0.0178s ]
SQL: SELECT * FROM `setclass` WHERE ( '2016-6-23' between `start_time` AND `end_time` AND `status`=1  )  [ RunTime:0.0005s ]

[ 2016-06-17T01:15:23+08:00 ] ::1 /curriculum/Admin/Index/getclass.shtml
INFO: [ app_begin ] --START--
INFO: Run Behavior\ReadHtmlCacheBehavior [ RunTime:0.001009s ]
INFO: [ app_begin ] --END-- [ RunTime:0.001321s ]
SQL: SHOW COLUMNS FROM `setclass` [ RunTime:0.0168s ]
SQL: SELECT * FROM `setclass` WHERE ( '2016-6-21' between `start_time` AND `end_time` AND `status`=1  )  [ RunTime:0.0005s ]

[ 2016-06-17T01:15:26+08:00 ] ::1 /curriculum/Admin/Index/getclass.shtml
INFO: [ app_begin ] --START--
INFO: Run Behavior\ReadHtmlCacheBehavior [ RunTime:0.000397s ]
INFO: [ app_begin ] --END-- [ RunTime:0.000698s ]
SQL: SHOW COLUMNS FROM `setclass` [ RunTime:0.0170s ]
SQL: SELECT * FROM `setclass` WHERE ( '2016-6-20' between `start_time` AND `end_time` AND `status`=1  )  [ RunTime:0.0005s ]

[ 2016-06-17T01:15:29+08:00 ] ::1 /curriculum/Admin/Index/getclass.shtml
INFO: [ app_begin ] --START--
INFO: Run Behavior\ReadHtmlCacheBehavior [ RunTime:0.000398s ]
INFO: [ app_begin ] --END-- [ RunTime:0.000687s ]
SQL: SHOW COLUMNS FROM `setclass` [ RunTime:0.0172s ]
SQL: SELECT * FROM `setclass` WHERE ( '2016-6-19' between `start_time` AND `end_time` AND `status`=1  )  [ RunTime:0.0005s ]

[ 2016-06-17T01:15:32+08:00 ] ::1 /curriculum/Admin/Index/getclass.shtml
INFO: [ app_begin ] --START--
INFO: Run Behavior\ReadHtmlCacheBehavior [ RunTime:0.000414s ]
INFO: [ app_begin ] --END-- [ RunTime:0.000725s ]
SQL: SHOW COLUMNS FROM `setclass` [ RunTime:0.0169s ]
SQL: SELECT * FROM `setclass` WHERE ( '2016-6-15' between `start_time` AND `end_time` AND `status`=1  )  [ RunTime:0.0005s ]

[ 2016-06-17T01:15:35+08:00 ] ::1 /curriculum/Admin/Index/getclass.shtml
INFO: [ app_begin ] --START--
INFO: Run Behavior\ReadHtmlCacheBehavior [ RunTime:0.000407s ]
INFO: [ app_begin ] --END-- [ RunTime:0.000712s ]
SQL: SHOW COLUMNS FROM `setclass` [ RunTime:0.0177s ]
SQL: SELECT * FROM `setclass` WHERE ( '2016-6-22' between `start_time` AND `end_time` AND `status`=1  )  [ RunTime:0.0005s ]

[ 2016-06-17T01:16:04+08:00 ] ::1 /curriculum/Admin/Index/getclass.shtml
INFO: [ app_begin ] --START--
INFO: Run Behavior\ReadHtmlCacheBehavior [ RunTime:0.000367s ]
INFO: [ app_begin ] --END-- [ RunTime:0.000634s ]
SQL: SHOW COLUMNS FROM `setclass` [ RunTime:0.0170s ]
SQL: SELECT * FROM `setclass` WHERE ( '2016-6-17' between `start_time` AND `end_time` AND `status`=1  )  [ RunTime:0.0005s ]

[ 2016-06-17T01:16:25+08:00 ] ::1 /curriculum/Admin/Index/getclass.shtml
INFO: [ app_begin ] --START--
INFO: Run Behavior\ReadHtmlCacheBehavior [ RunTime:0.000409s ]
INFO: [ app_begin ] --END-- [ RunTime:0.000728s ]
SQL: SHOW COLUMNS FROM `setclass` [ RunTime:0.0168s ]
SQL: SELECT * FROM `setclass` WHERE ( '2016-6-17' between `start_time` AND `end_time` AND `status`=1  )  [ RunTime:0.0005s ]

[ 2016-06-17T01:16:28+08:00 ] ::1 /curriculum/Admin/Index/getclass.shtml
INFO: [ app_begin ] --START--
INFO: Run Behavior\ReadHtmlCacheBehavior [ RunTime:0.000467s ]
INFO: [ app_begin ] --END-- [ RunTime:0.000778s ]
SQL: SHOW COLUMNS FROM `setclass` [ RunTime:0.0170s ]
SQL: SELECT * FROM `setclass` WHERE ( '2016-06-17' between `start_time` AND `end_time` AND `status`=1  )  [ RunTime:0.0005s ]

[ 2016-06-17T01:16:39+08:00 ] ::1 /curriculum/Admin/Index/getclass.shtml
INFO: [ app_begin ] --START--
INFO: Run Behavior\ReadHtmlCacheBehavior [ RunTime:0.000404s ]
INFO: [ app_begin ] --END-- [ RunTime:0.000682s ]
SQL: SHOW COLUMNS FROM `setclass` [ RunTime:0.0163s ]
SQL: SELECT * FROM `setclass` WHERE ( '2016-06-17' between `start_time` AND `end_time` AND `status`=1  )  [ RunTime:0.0005s ]

[ 2016-06-17T01:18:20+08:00 ] ::1 /curriculum/Admin/Index/getclass.shtml
INFO: [ app_begin ] --START--
INFO: Run Behavior\ReadHtmlCacheBehavior [ RunTime:0.000374s ]
INFO: [ app_begin ] --END-- [ RunTime:0.000668s ]
SQL: SHOW COLUMNS FROM `setclass` [ RunTime:0.0169s ]
SQL: SELECT * FROM `setclass` WHERE ( '2016-06-17' between `start_time` AND `end_time` AND `status`=1  )  [ RunTime:0.0005s ]

[ 2016-06-17T01:18:22+08:00 ] ::1 /curriculum/Admin/Index/getclass.shtml
INFO: [ app_begin ] --START--
INFO: Run Behavior\ReadHtmlCacheBehavior [ RunTime:0.000475s ]
INFO: [ app_begin ] --END-- [ RunTime:0.000772s ]
SQL: SHOW COLUMNS FROM `setclass` [ RunTime:0.0169s ]
SQL: SELECT * FROM `setclass` WHERE ( '2016-06-17' between `start_time` AND `end_time` AND `status`=1  )  [ RunTime:0.0005s ]

[ 2016-06-17T01:18:28+08:00 ] ::1 /curriculum/Admin/Index/getclass.shtml
INFO: [ app_begin ] --START--
INFO: Run Behavior\ReadHtmlCacheBehavior [ RunTime:0.000392s ]
INFO: [ app_begin ] --END-- [ RunTime:0.000668s ]
SQL: SHOW COLUMNS FROM `setclass` [ RunTime:0.0170s ]
SQL: SELECT * FROM `setclass` WHERE ( '2016-6-21' between `start_time` AND `end_time` AND `status`=1  )  [ RunTime:0.0005s ]

[ 2016-06-17T01:18:30+08:00 ] ::1 /curriculum/Admin/Index/getclass.shtml
INFO: [ app_begin ] --START--
INFO: Run Behavior\ReadHtmlCacheBehavior [ RunTime:0.000416s ]
INFO: [ app_begin ] --END-- [ RunTime:0.000669s ]
SQL: SHOW COLUMNS FROM `setclass` [ RunTime:0.0167s ]
SQL: SELECT * FROM `setclass` WHERE ( '2016-06-17' between `start_time` AND `end_time` AND `status`=1  )  [ RunTime:0.0005s ]

[ 2016-06-17T01:18:41+08:00 ] ::1 /curriculum/Admin/Index/getclass.shtml
INFO: [ app_begin ] --START--
INFO: Run Behavior\ReadHtmlCacheBehavior [ RunTime:0.000406s ]
INFO: [ app_begin ] --END-- [ RunTime:0.000681s ]
SQL: SHOW COLUMNS FROM `setclass` [ RunTime:0.0165s ]
SQL: SELECT * FROM `setclass` WHERE ( '2016-06-17' between `start_time` AND `end_time` AND `status`=1  )  [ RunTime:0.0005s ]

[ 2016-06-17T01:21:58+08:00 ] ::1 /curriculum/Admin/Index/getclass.shtml
INFO: [ app_begin ] --START--
INFO: Run Behavior\ReadHtmlCacheBehavior [ RunTime:0.000357s ]
INFO: [ app_begin ] --END-- [ RunTime:0.000607s ]
SQL: SHOW COLUMNS FROM `setclass` [ RunTime:0.0168s ]
SQL: SELECT * FROM `setclass` WHERE ( '2016-06-17' between `start_time` AND `end_time` AND `status`=1  )  [ RunTime:0.0005s ]

[ 2016-06-17T01:43:33+08:00 ] ::1 /curriculum/Admin/Index/getclass.shtml
INFO: [ app_begin ] --START--
INFO: Run Behavior\ReadHtmlCacheBehavior [ RunTime:0.000431s ]
INFO: [ app_begin ] --END-- [ RunTime:0.000765s ]
SQL: SHOW COLUMNS FROM `setclass` [ RunTime:0.0163s ]
SQL: SELECT * FROM `setclass` WHERE ( '2016-06-17' between `start_time` AND `end_time` AND `status`=1  )  [ RunTime:0.0005s ]

[ 2016-06-17T01:49:22+08:00 ] ::1 /curriculum/Admin/Index/getclass.shtml
INFO: [ app_begin ] --START--
INFO: Run Behavior\ReadHtmlCacheBehavior [ RunTime:0.000470s ]
INFO: [ app_begin ] --END-- [ RunTime:0.000769s ]
SQL: SHOW COLUMNS FROM `setclass` [ RunTime:0.0165s ]
SQL: SELECT * FROM `setclass` WHERE ( '2016-06-17' between `start_time` AND `end_time` AND `status`=1  )  [ RunTime:0.0005s ]

[ 2016-06-17T01:49:43+08:00 ] ::1 /curriculum/Admin/Index/getclass.shtml
INFO: [ app_begin ] --START--
INFO: Run Behavior\ReadHtmlCacheBehavior [ RunTime:0.000380s ]
INFO: [ app_begin ] --END-- [ RunTime:0.000657s ]
SQL: SHOW COLUMNS FROM `setclass` [ RunTime:0.0184s ]
SQL: SELECT * FROM `setclass` WHERE ( '2016-06-17' between `start_time` AND `end_time` AND `status`=1  )  [ RunTime:0.0005s ]

[ 2016-06-17T01:50:28+08:00 ] ::1 /curriculum/Admin/Index/getclass.shtml
INFO: [ app_begin ] --START--
INFO: Run Behavior\ReadHtmlCacheBehavior [ RunTime:0.000404s ]
INFO: [ app_begin ] --END-- [ RunTime:0.000685s ]
SQL: SHOW COLUMNS FROM `setclass` [ RunTime:0.0168s ]
SQL: SELECT * FROM `setclass` WHERE ( '2016-06-17' between `start_time` AND `end_time` AND `status`=1  )  [ RunTime:0.0005s ]

[ 2016-06-17T01:50:49+08:00 ] ::1 /curriculum/Admin/Index/getclass.shtml
INFO: [ app_begin ] --START--
INFO: Run Behavior\ReadHtmlCacheBehavior [ RunTime:0.000366s ]
INFO: [ app_begin ] --END-- [ RunTime:0.000622s ]
SQL: SHOW COLUMNS FROM `setclass` [ RunTime:0.0170s ]
SQL: SELECT * FROM `setclass` WHERE ( '2016-06-17' between `start_time` AND `end_time` AND `status`=1  )  [ RunTime:0.0005s ]

[ 2016-06-17T01:50:58+08:00 ] ::1 /curriculum/Admin/Index/getclass.shtml
INFO: [ app_begin ] --START--
INFO: Run Behavior\ReadHtmlCacheBehavior [ RunTime:0.000448s ]
INFO: [ app_begin ] --END-- [ RunTime:0.000869s ]
SQL: SHOW COLUMNS FROM `setclass` [ RunTime:0.0173s ]
SQL: SELECT * FROM `setclass` WHERE ( '2016-6-22' between `start_time` AND `end_time` AND `status`=1  )  [ RunTime:0.0005s ]

[ 2016-06-17T01:51:01+08:00 ] ::1 /curriculum/Admin/Index/getclass.shtml
INFO: [ app_begin ] --START--
INFO: Run Behavior\ReadHtmlCacheBehavior [ RunTime:0.000402s ]
INFO: [ app_begin ] --END-- [ RunTime:0.000689s ]
SQL: SHOW COLUMNS FROM `setclass` [ RunTime:0.0174s ]
SQL: SELECT * FROM `setclass` WHERE ( '2016-6-15' between `start_time` AND `end_time` AND `status`=1  )  [ RunTime:0.0005s ]

[ 2016-06-17T01:51:05+08:00 ] ::1 /curriculum/Admin/Index/getclass.shtml
INFO: [ app_begin ] --START--
INFO: Run Behavior\ReadHtmlCacheBehavior [ RunTime:0.000390s ]
INFO: [ app_begin ] --END-- [ RunTime:0.000741s ]
SQL: SHOW COLUMNS FROM `setclass` [ RunTime:0.0182s ]
SQL: SELECT * FROM `setclass` WHERE ( '2016-6-22' between `start_time` AND `end_time` AND `status`=1  )  [ RunTime:0.0005s ]

[ 2016-06-17T01:51:10+08:00 ] ::1 /curriculum/Admin/Index/getclass.shtml
INFO: [ app_begin ] --START--
INFO: Run Behavior\ReadHtmlCacheBehavior [ RunTime:0.000475s ]
INFO: [ app_begin ] --END-- [ RunTime:0.000807s ]
SQL: SHOW COLUMNS FROM `setclass` [ RunTime:0.0170s ]
SQL: SELECT * FROM `setclass` WHERE ( '2016-6-14' between `start_time` AND `end_time` AND `status`=1  )  [ RunTime:0.0005s ]

[ 2016-06-17T01:51:22+08:00 ] ::1 /curriculum/Admin/Index/getclass.shtml
INFO: [ app_begin ] --START--
INFO: Run Behavior\ReadHtmlCacheBehavior [ RunTime:0.000384s ]
INFO: [ app_begin ] --END-- [ RunTime:0.000653s ]
SQL: SHOW COLUMNS FROM `setclass` [ RunTime:0.0168s ]
SQL: SELECT * FROM `setclass` WHERE ( '2016-6-15' between `start_time` AND `end_time` AND `status`=1  )  [ RunTime:0.0005s ]

[ 2016-06-17T01:51:28+08:00 ] ::1 /curriculum/Admin/Index/getclass.shtml
INFO: [ app_begin ] --START--
INFO: Run Behavior\ReadHtmlCacheBehavior [ RunTime:0.000560s ]
INFO: [ app_begin ] --END-- [ RunTime:0.000939s ]
SQL: SHOW COLUMNS FROM `setclass` [ RunTime:0.0101s ]
SQL: SELECT * FROM `setclass` WHERE ( '2016-6-15' between `start_time` AND `end_time` AND `status`=1  )  [ RunTime:0.0003s ]

[ 2016-06-17T01:52:06+08:00 ] ::1 /curriculum/Admin/Index/getclass.shtml
INFO: [ app_begin ] --START--
INFO: Run Behavior\ReadHtmlCacheBehavior [ RunTime:0.000376s ]
INFO: [ app_begin ] --END-- [ RunTime:0.000656s ]
SQL: SHOW COLUMNS FROM `setclass` [ RunTime:0.0169s ]
SQL: SELECT * FROM `setclass` WHERE ( '2016-06-17' between `start_time` AND `end_time` AND `status`=1  )  [ RunTime:0.0005s ]

[ 2016-06-17T01:52:21+08:00 ] ::1 /curriculum/Admin/Index/getclass.shtml
INFO: [ app_begin ] --START--
INFO: Run Behavior\ReadHtmlCacheBehavior [ RunTime:0.000478s ]
INFO: [ app_begin ] --END-- [ RunTime:0.000786s ]
SQL: SHOW COLUMNS FROM `setclass` [ RunTime:0.0182s ]
SQL: SELECT * FROM `setclass` WHERE ( '2016-06-17' between `start_time` AND `end_time` AND `status`=1  )  [ RunTime:0.0005s ]

[ 2016-06-17T01:53:53+08:00 ] ::1 /curriculum/Admin/Index/getclass.shtml
INFO: [ app_begin ] --START--
INFO: Run Behavior\ReadHtmlCacheBehavior [ RunTime:0.000479s ]
INFO: [ app_begin ] --END-- [ RunTime:0.000775s ]
SQL: SHOW COLUMNS FROM `setclass` [ RunTime:0.0140s ]
SQL: SELECT * FROM `setclass` WHERE ( '2016-06-17' between `start_time` AND `end_time` AND `status`=1  )  [ RunTime:0.0003s ]

[ 2016-06-17T02:02:16+08:00 ] ::1 /curriculum/Admin/Index/getclass.shtml
INFO: [ app_begin ] --START--
INFO: Run Behavior\ReadHtmlCacheBehavior [ RunTime:0.000653s ]
INFO: [ app_begin ] --END-- [ RunTime:0.001044s ]
SQL: SHOW COLUMNS FROM `setclass` [ RunTime:0.0169s ]
SQL: SELECT * FROM `setclass` WHERE ( '2016-06-17' between `start_time` AND `end_time` AND `status`=1  )  [ RunTime:0.0005s ]

[ 2016-06-17T02:03:03+08:00 ] ::1 /curriculum/Admin/Index/getclass.shtml
INFO: [ app_begin ] --START--
INFO: Run Behavior\ReadHtmlCacheBehavior [ RunTime:0.000524s ]
INFO: [ app_begin ] --END-- [ RunTime:0.000926s ]
SQL: SHOW COLUMNS FROM `setclass` [ RunTime:0.0166s ]
SQL: SELECT * FROM `setclass` WHERE ( '2016-06-17' between `start_time` AND `end_time` AND `status`=1  )  [ RunTime:0.0005s ]

[ 2016-06-17T02:03:27+08:00 ] ::1 /curriculum/Admin/Index/getclass.shtml
INFO: [ app_begin ] --START--
INFO: Run Behavior\ReadHtmlCacheBehavior [ RunTime:0.000415s ]
INFO: [ app_begin ] --END-- [ RunTime:0.000709s ]
SQL: SHOW COLUMNS FROM `setclass` [ RunTime:0.0170s ]
SQL: SELECT * FROM `setclass` WHERE ( '2016-06-17' between `start_time` AND `end_time` AND `status`=1  )  [ RunTime:0.0006s ]

[ 2016-06-17T02:04:11+08:00 ] ::1 /curriculum/Admin/Index/getclass.shtml
INFO: [ app_begin ] --START--
INFO: Run Behavior\ReadHtmlCacheBehavior [ RunTime:0.000380s ]
INFO: [ app_begin ] --END-- [ RunTime:0.000647s ]
SQL: SHOW COLUMNS FROM `setclass` [ RunTime:0.0092s ]
SQL: SELECT * FROM `setclass` WHERE ( '2016-06-17' between `start_time` AND `end_time` AND `status`=1  )  [ RunTime:0.0003s ]

[ 2016-06-17T02:04:14+08:00 ] ::1 /curriculum/Admin/Index/getclass.shtml
INFO: [ app_begin ] --START--
INFO: Run Behavior\ReadHtmlCacheBehavior [ RunTime:0.000526s ]
INFO: [ app_begin ] --END-- [ RunTime:0.000940s ]
SQL: SHOW COLUMNS FROM `setclass` [ RunTime:0.0171s ]
SQL: SELECT * FROM `setclass` WHERE ( '2016-6-21' between `start_time` AND `end_time` AND `status`=1  )  [ RunTime:0.0005s ]

[ 2016-06-17T02:09:38+08:00 ] ::1 /curriculum/Admin/Index/getclass.shtml
INFO: [ app_begin ] --START--
INFO: Run Behavior\ReadHtmlCacheBehavior [ RunTime:0.000487s ]
INFO: [ app_begin ] --END-- [ RunTime:0.000836s ]
SQL: SHOW COLUMNS FROM `setclass` [ RunTime:0.0169s ]
SQL: SELECT * FROM `setclass` WHERE ( '2016-06-17' between `start_time` AND `end_time` AND `status`=1  )  [ RunTime:0.0005s ]

[ 2016-06-17T02:09:59+08:00 ] ::1 /curriculum/Admin/Index/getclass.shtml
INFO: [ app_begin ] --START--
INFO: Run Behavior\ReadHtmlCacheBehavior [ RunTime:0.000380s ]
INFO: [ app_begin ] --END-- [ RunTime:0.000654s ]
SQL: SHOW COLUMNS FROM `setclass` [ RunTime:0.0183s ]
SQL: SELECT * FROM `setclass` WHERE ( '2016-06-17' between `start_time` AND `end_time` AND `status`=1  )  [ RunTime:0.0005s ]

[ 2016-06-17T02:10:14+08:00 ] ::1 /curriculum/Admin/Index/getclass.shtml
INFO: [ app_begin ] --START--
INFO: Run Behavior\ReadHtmlCacheBehavior [ RunTime:0.000369s ]
INFO: [ app_begin ] --END-- [ RunTime:0.000623s ]
SQL: SHOW COLUMNS FROM `setclass` [ RunTime:0.0167s ]
SQL: SELECT * FROM `setclass` WHERE ( '2016-06-17' between `start_time` AND `end_time` AND `status`=1  )  [ RunTime:0.0005s ]

[ 2016-06-17T02:10:22+08:00 ] ::1 /curriculum/Admin/Index/getclass.shtml
INFO: [ app_begin ] --START--
INFO: Run Behavior\ReadHtmlCacheBehavior [ RunTime:0.000482s ]
INFO: [ app_begin ] --END-- [ RunTime:0.000808s ]
SQL: SHOW COLUMNS FROM `setclass` [ RunTime:0.0165s ]
SQL: SELECT * FROM `setclass` WHERE ( '2016-06-17' between `start_time` AND `end_time` AND `status`=1  )  [ RunTime:0.0005s ]

[ 2016-06-17T02:11:00+08:00 ] ::1 /curriculum/Admin/Index/getclass.shtml
INFO: [ app_begin ] --START--
INFO: Run Behavior\ReadHtmlCacheBehavior [ RunTime:0.000502s ]
INFO: [ app_begin ] --END-- [ RunTime:0.000803s ]
SQL: SHOW COLUMNS FROM `setclass` [ RunTime:0.0166s ]
SQL: SELECT * FROM `setclass` WHERE ( '2016-06-17' between `start_time` AND `end_time` AND `status`=1  )  [ RunTime:0.0005s ]

[ 2016-06-17T02:11:24+08:00 ] ::1 /curriculum/Admin/Index/getclass.shtml
INFO: [ app_begin ] --START--
INFO: Run Behavior\ReadHtmlCacheBehavior [ RunTime:0.000600s ]
INFO: [ app_begin ] --END-- [ RunTime:0.000909s ]
SQL: SHOW COLUMNS FROM `setclass` [ RunTime:0.0159s ]
SQL: SELECT * FROM `setclass` WHERE ( '2016-06-17' between `start_time` AND `end_time` AND `status`=1  )  [ RunTime:0.0003s ]

[ 2016-06-17T02:12:18+08:00 ] ::1 /curriculum/Admin/Index/getclass.shtml
INFO: [ app_begin ] --START--
INFO: Run Behavior\ReadHtmlCacheBehavior [ RunTime:0.000384s ]
INFO: [ app_begin ] --END-- [ RunTime:0.000657s ]
SQL: SHOW COLUMNS FROM `setclass` [ RunTime:0.0170s ]
SQL: SELECT * FROM `setclass` WHERE ( '2016-06-17' between `start_time` AND `end_time` AND `status`=1  )  [ RunTime:0.0005s ]

[ 2016-06-17T02:12:35+08:00 ] ::1 /curriculum/Admin/Index/getclass.shtml
INFO: [ app_begin ] --START--
INFO: Run Behavior\ReadHtmlCacheBehavior [ RunTime:0.000378s ]
INFO: [ app_begin ] --END-- [ RunTime:0.000646s ]
SQL: SHOW COLUMNS FROM `setclass` [ RunTime:0.0167s ]
SQL: SELECT * FROM `setclass` WHERE ( '2016-06-17' between `start_time` AND `end_time` AND `status`=1  )  [ RunTime:0.0005s ]

[ 2016-06-17T02:13:16+08:00 ] ::1 /curriculum/Admin/Index/getclass.shtml
INFO: [ app_begin ] --START--
INFO: Run Behavior\ReadHtmlCacheBehavior [ RunTime:0.000471s ]
INFO: [ app_begin ] --END-- [ RunTime:0.000770s ]
SQL: SHOW COLUMNS FROM `setclass` [ RunTime:0.0098s ]
SQL: SELECT * FROM `setclass` WHERE ( '2016-06-17' between `start_time` AND `end_time` AND `status`=1  )  [ RunTime:0.0003s ]

[ 2016-06-17T02:13:21+08:00 ] ::1 /curriculum/Admin/Index/getclass.shtml
INFO: [ app_begin ] --START--
INFO: Run Behavior\ReadHtmlCacheBehavior [ RunTime:0.000480s ]
INFO: [ app_begin ] --END-- [ RunTime:0.000780s ]
SQL: SHOW COLUMNS FROM `setclass` [ RunTime:0.0089s ]
SQL: SELECT * FROM `setclass` WHERE ( '2016-06-17' between `start_time` AND `end_time` AND `status`=1  )  [ RunTime:0.0003s ]

[ 2016-06-17T02:13:38+08:00 ] ::1 /curriculum/Admin/Index/getclass.shtml
INFO: [ app_begin ] --START--
INFO: Run Behavior\ReadHtmlCacheBehavior [ RunTime:0.000382s ]
INFO: [ app_begin ] --END-- [ RunTime:0.000659s ]
SQL: SHOW COLUMNS FROM `setclass` [ RunTime:0.0163s ]
SQL: SELECT * FROM `setclass` WHERE ( '2016-06-17' between `start_time` AND `end_time` AND `status`=1  )  [ RunTime:0.0005s ]

[ 2016-06-17T02:14:50+08:00 ] ::1 /curriculum/Admin/Index/getclass.shtml
INFO: [ app_begin ] --START--
INFO: Run Behavior\ReadHtmlCacheBehavior [ RunTime:0.000417s ]
INFO: [ app_begin ] --END-- [ RunTime:0.000787s ]
SQL: SHOW COLUMNS FROM `setclass` [ RunTime:0.0177s ]
SQL: SELECT * FROM `setclass` WHERE ( '2016-06-17' between `start_time` AND `end_time` AND `status`=1  )  [ RunTime:0.0005s ]

