[ 2016-06-13T21:55:44+08:00 ] ::1 /curriculum/
ERR: æ— æ³•åŠ è½½æ•°æ®åº“é©±åŠ¨: Think\Db\Driver\

[ 2016-06-13T21:55:57+08:00 ] ::1 /curriculum/Home
ERR: æ— æ³•åŠ è½½æ•°æ®åº“é©±åŠ¨: Think\Db\Driver\

[ 2016-06-13T21:56:09+08:00 ] ::1 /curriculum/Home
ERR: SQLSTATE[HY000] [2002] php_network_getaddresses: getaddrinfo failed: ²»ÖªµÀÕâÑùµÄÖ÷»ú¡£ 

[ 2016-06-13T21:56:11+08:00 ] ::1 /curriculum/Home
ERR: SQLSTATE[HY000] [2002] php_network_getaddresses: getaddrinfo failed: ²»ÖªµÀÕâÑùµÄÖ÷»ú¡£ 

[ 2016-06-13T21:56:14+08:00 ] ::1 /curriculum/Home
ERR: SQLSTATE[HY000] [2002] php_network_getaddresses: getaddrinfo failed: ²»ÖªµÀÕâÑùµÄÖ÷»ú¡£ 

[ 2016-06-13T21:56:16+08:00 ] ::1 /curriculum/Home
ERR: SQLSTATE[HY000] [2002] php_network_getaddresses: getaddrinfo failed: ²»ÖªµÀÕâÑùµÄÖ÷»ú¡£ 

[ 2016-06-13T21:56:18+08:00 ] ::1 /curriculum/
ERR: SQLSTATE[HY000] [2002] php_network_getaddresses: getaddrinfo failed: ²»ÖªµÀÕâÑùµÄÖ÷»ú¡£ 

[ 2016-06-13T21:56:59+08:00 ] ::1 /curriculum/
ERR: SQLSTATE[HY000] [2002] php_network_getaddresses: getaddrinfo failed: ²»ÖªµÀÕâÑùµÄÖ÷»ú¡£ 

[ 2016-06-13T21:58:11+08:00 ] ::1 /curriculum/
INFO: [ app_init ] --START--
INFO: Run Behavior\BuildLiteBehavior [ RunTime:0.000029s ]
INFO: [ app_init ] --END-- [ RunTime:0.000671s ]
INFO: [ app_begin ] --START--
INFO: Run Behavior\ReadHtmlCacheBehavior [ RunTime:0.000994s ]
INFO: [ app_begin ] --END-- [ RunTime:0.001108s ]
SQL: SHOW COLUMNS FROM `user` [ RunTime:0.0170s ]
SQL: SELECT * FROM `user`  [ RunTime:0.0003s ]
INFO: [ app_end ] --START--
INFO: Run Behavior\ShowPageTraceBehavior [ RunTime:0.000987s ]
INFO: [ app_end ] --END-- [ RunTime:0.001103s ]

[ 2016-06-13T21:58:13+08:00 ] ::1 /curriculum/
INFO: [ app_init ] --START--
INFO: Run Behavior\BuildLiteBehavior [ RunTime:0.000027s ]
INFO: [ app_init ] --END-- [ RunTime:0.000599s ]
INFO: [ app_begin ] --START--
INFO: Run Behavior\ReadHtmlCacheBehavior [ RunTime:0.000833s ]
INFO: [ app_begin ] --END-- [ RunTime:0.000955s ]
SQL: SHOW COLUMNS FROM `user` [ RunTime:0.0166s ]
SQL: SELECT * FROM `user`  [ RunTime:0.0004s ]
INFO: [ app_end ] --START--
INFO: Run Behavior\ShowPageTraceBehavior [ RunTime:0.000954s ]
INFO: [ app_end ] --END-- [ RunTime:0.001070s ]

[ 2016-06-13T21:58:14+08:00 ] ::1 /curriculum/
INFO: [ app_init ] --START--
INFO: Run Behavior\BuildLiteBehavior [ RunTime:0.000027s ]
INFO: [ app_init ] --END-- [ RunTime:0.000601s ]
INFO: [ app_begin ] --START--
INFO: Run Behavior\ReadHtmlCacheBehavior [ RunTime:0.000812s ]
INFO: [ app_begin ] --END-- [ RunTime:0.000927s ]
SQL: SHOW COLUMNS FROM `user` [ RunTime:0.0167s ]
SQL: SELECT * FROM `user`  [ RunTime:0.0004s ]
INFO: [ app_end ] --START--
INFO: Run Behavior\ShowPageTraceBehavior [ RunTime:0.000975s ]
INFO: [ app_end ] --END-- [ RunTime:0.001094s ]

[ 2016-06-13T22:13:04+08:00 ] ::1 /curriculum/Home/Login
ERR: æ¨¡æ¿ä¸å­˜åœ¨:./Curriculum/Home/View/Login/index.html

[ 2016-06-13T22:53:34+08:00 ] ::1 /curriculum/Home/Login/checklogin.shtml
ERR: Think\Model:erroræ–¹æ³•ä¸å­˜åœ¨ï¼

[ 2016-06-13T22:54:02+08:00 ] ::1 /curriculum/Home/Login/checklogin.shtml
ERR: Think\Model:erroræ–¹æ³•ä¸å­˜åœ¨ï¼

